Calling target program-options parser
[03:43:25.913] [bmv2] [D] [thread 7277] Set default default entry for table 'MyIngress.path_forward': MyIngress.drop - 
[03:43:25.913] [bmv2] [D] [thread 7277] Set default default entry for table 'MyIngress.status_exact': MyIngress.drop - 
Adding interface s3-eth1 as port 1
[03:43:25.913] [bmv2] [D] [thread 7277] Adding interface s3-eth1 as port 1
Adding interface s3-eth2 as port 2
[03:43:25.915] [bmv2] [D] [thread 7277] Adding interface s3-eth2 as port 2
I0502 03:43:25.916420400    7277 server_builder.cc:247]      Synchronous server. Num CQs: 1, Min pollers: 1, Max Pollers: 2147483647, CQ timeout (msec): 1000
Server listening on 0.0.0.0:50053
[03:43:25.918] [bmv2] [I] [thread 7277] Starting Thrift server on port 9092
[03:43:25.918] [bmv2] [I] [thread 7277] Thrift server was started
[03:43:25.978] [bmv2] [D] [thread 7284] [0.0] [cxt 0] Processing packet received on port 1
[03:43:25.978] [bmv2] [D] [thread 7284] [0.0] [cxt 0] Parser 'parser': start
[03:43:25.978] [bmv2] [D] [thread 7284] [0.0] [cxt 0] Parser 'parser' entering state 'start'
[03:43:25.978] [bmv2] [D] [thread 7284] [0.0] [cxt 0] Extracting header 'ethernet'
[03:43:25.978] [bmv2] [D] [thread 7284] [0.0] [cxt 0] Parser state 'start': key is 86dd
[03:43:25.978] [bmv2] [T] [thread 7284] [0.0] [cxt 0] Bytes parsed: 14
[03:43:25.978] [bmv2] [D] [thread 7284] [0.0] [cxt 0] Parser 'parser': end
[03:43:25.978] [bmv2] [D] [thread 7284] [0.0] [cxt 0] Pipeline 'ingress': start
[03:43:25.978] [bmv2] [T] [thread 7284] [0.0] [cxt 0] status_forward.p4(147) Condition "hdr.ipv4.isValid() && !hdr.status.isValid()" (node_2) is false
[03:43:25.978] [bmv2] [T] [thread 7284] [0.0] [cxt 0] status_forward.p4(152) Condition "hdr.status.isValid()" (node_4) is false
[03:43:25.978] [bmv2] [D] [thread 7284] [0.0] [cxt 0] Pipeline 'ingress': end
[03:43:25.978] [bmv2] [D] [thread 7284] [0.0] [cxt 0] Egress port is 0
[03:43:25.978] [bmv2] [D] [thread 7285] [0.0] [cxt 0] Pipeline 'egress': start
[03:43:25.978] [bmv2] [D] [thread 7285] [0.0] [cxt 0] Pipeline 'egress': end
[03:43:25.978] [bmv2] [D] [thread 7285] [0.0] [cxt 0] Deparser 'deparser': start
[03:43:25.978] [bmv2] [T] [thread 7285] [0.0] [cxt 0] Skipping checksum 'cksum' update because condition not met
[03:43:25.978] [bmv2] [D] [thread 7285] [0.0] [cxt 0] Deparsing header 'ethernet'
[03:43:25.978] [bmv2] [D] [thread 7285] [0.0] [cxt 0] Deparser 'deparser': end
[03:43:25.978] [bmv2] [D] [thread 7289] [0.0] [cxt 0] Transmitting packet of size 90 out of port 0
[03:43:26.056] [bmv2] [D] [thread 7284] [1.0] [cxt 0] Processing packet received on port 1
[03:43:26.056] [bmv2] [D] [thread 7284] [1.0] [cxt 0] Parser 'parser': start
[03:43:26.056] [bmv2] [D] [thread 7284] [1.0] [cxt 0] Parser 'parser' entering state 'start'
[03:43:26.056] [bmv2] [D] [thread 7284] [1.0] [cxt 0] Extracting header 'ethernet'
[03:43:26.057] [bmv2] [D] [thread 7284] [1.0] [cxt 0] Parser state 'start': key is 86dd
[03:43:26.057] [bmv2] [T] [thread 7284] [1.0] [cxt 0] Bytes parsed: 14
[03:43:26.057] [bmv2] [D] [thread 7284] [1.0] [cxt 0] Parser 'parser': end
[03:43:26.057] [bmv2] [D] [thread 7284] [1.0] [cxt 0] Pipeline 'ingress': start
[03:43:26.057] [bmv2] [T] [thread 7284] [1.0] [cxt 0] status_forward.p4(147) Condition "hdr.ipv4.isValid() && !hdr.status.isValid()" (node_2) is false
[03:43:26.057] [bmv2] [T] [thread 7284] [1.0] [cxt 0] status_forward.p4(152) Condition "hdr.status.isValid()" (node_4) is false
[03:43:26.057] [bmv2] [D] [thread 7284] [1.0] [cxt 0] Pipeline 'ingress': end
[03:43:26.057] [bmv2] [D] [thread 7284] [1.0] [cxt 0] Egress port is 0
[03:43:26.057] [bmv2] [D] [thread 7285] [1.0] [cxt 0] Pipeline 'egress': start
[03:43:26.057] [bmv2] [D] [thread 7285] [1.0] [cxt 0] Pipeline 'egress': end
[03:43:26.057] [bmv2] [D] [thread 7285] [1.0] [cxt 0] Deparser 'deparser': start
[03:43:26.057] [bmv2] [T] [thread 7285] [1.0] [cxt 0] Skipping checksum 'cksum' update because condition not met
[03:43:26.057] [bmv2] [D] [thread 7285] [1.0] [cxt 0] Deparsing header 'ethernet'
[03:43:26.057] [bmv2] [D] [thread 7285] [1.0] [cxt 0] Deparser 'deparser': end
[03:43:26.057] [bmv2] [D] [thread 7289] [1.0] [cxt 0] Transmitting packet of size 110 out of port 0
[03:43:26.066] [bmv2] [D] [thread 7284] [2.0] [cxt 0] Processing packet received on port 1
[03:43:26.066] [bmv2] [D] [thread 7284] [2.0] [cxt 0] Parser 'parser': start
[03:43:26.066] [bmv2] [D] [thread 7284] [2.0] [cxt 0] Parser 'parser' entering state 'start'
[03:43:26.066] [bmv2] [D] [thread 7284] [2.0] [cxt 0] Extracting header 'ethernet'
[03:43:26.066] [bmv2] [D] [thread 7284] [2.0] [cxt 0] Parser state 'start': key is 86dd
[03:43:26.066] [bmv2] [T] [thread 7284] [2.0] [cxt 0] Bytes parsed: 14
[03:43:26.066] [bmv2] [D] [thread 7284] [2.0] [cxt 0] Parser 'parser': end
[03:43:26.066] [bmv2] [D] [thread 7284] [2.0] [cxt 0] Pipeline 'ingress': start
[03:43:26.066] [bmv2] [T] [thread 7284] [2.0] [cxt 0] status_forward.p4(147) Condition "hdr.ipv4.isValid() && !hdr.status.isValid()" (node_2) is false
[03:43:26.066] [bmv2] [T] [thread 7284] [2.0] [cxt 0] status_forward.p4(152) Condition "hdr.status.isValid()" (node_4) is false
[03:43:26.066] [bmv2] [D] [thread 7284] [2.0] [cxt 0] Pipeline 'ingress': end
[03:43:26.066] [bmv2] [D] [thread 7284] [2.0] [cxt 0] Egress port is 0
[03:43:26.066] [bmv2] [D] [thread 7285] [2.0] [cxt 0] Pipeline 'egress': start
[03:43:26.066] [bmv2] [D] [thread 7285] [2.0] [cxt 0] Pipeline 'egress': end
[03:43:26.067] [bmv2] [D] [thread 7285] [2.0] [cxt 0] Deparser 'deparser': start
[03:43:26.067] [bmv2] [T] [thread 7285] [2.0] [cxt 0] Skipping checksum 'cksum' update because condition not met
[03:43:26.067] [bmv2] [D] [thread 7285] [2.0] [cxt 0] Deparsing header 'ethernet'
[03:43:26.067] [bmv2] [D] [thread 7285] [2.0] [cxt 0] Deparser 'deparser': end
[03:43:26.067] [bmv2] [D] [thread 7289] [2.0] [cxt 0] Transmitting packet of size 208 out of port 0
[03:43:26.098] [bmv2] [D] [thread 7284] [3.0] [cxt 0] Processing packet received on port 1
[03:43:26.098] [bmv2] [D] [thread 7284] [3.0] [cxt 0] Parser 'parser': start
[03:43:26.098] [bmv2] [D] [thread 7284] [3.0] [cxt 0] Parser 'parser' entering state 'start'
[03:43:26.098] [bmv2] [D] [thread 7284] [3.0] [cxt 0] Extracting header 'ethernet'
[03:43:26.098] [bmv2] [D] [thread 7284] [3.0] [cxt 0] Parser state 'start': key is 86dd
[03:43:26.098] [bmv2] [T] [thread 7284] [3.0] [cxt 0] Bytes parsed: 14
[03:43:26.098] [bmv2] [D] [thread 7284] [3.0] [cxt 0] Parser 'parser': end
[03:43:26.098] [bmv2] [D] [thread 7284] [3.0] [cxt 0] Pipeline 'ingress': start
[03:43:26.098] [bmv2] [T] [thread 7284] [3.0] [cxt 0] status_forward.p4(147) Condition "hdr.ipv4.isValid() && !hdr.status.isValid()" (node_2) is false
[03:43:26.098] [bmv2] [T] [thread 7284] [3.0] [cxt 0] status_forward.p4(152) Condition "hdr.status.isValid()" (node_4) is false
[03:43:26.098] [bmv2] [D] [thread 7284] [3.0] [cxt 0] Pipeline 'ingress': end
[03:43:26.098] [bmv2] [D] [thread 7284] [3.0] [cxt 0] Egress port is 0
[03:43:26.098] [bmv2] [D] [thread 7285] [3.0] [cxt 0] Pipeline 'egress': start
[03:43:26.098] [bmv2] [D] [thread 7285] [3.0] [cxt 0] Pipeline 'egress': end
[03:43:26.098] [bmv2] [D] [thread 7285] [3.0] [cxt 0] Deparser 'deparser': start
[03:43:26.098] [bmv2] [T] [thread 7285] [3.0] [cxt 0] Skipping checksum 'cksum' update because condition not met
[03:43:26.098] [bmv2] [D] [thread 7285] [3.0] [cxt 0] Deparsing header 'ethernet'
[03:43:26.098] [bmv2] [D] [thread 7285] [3.0] [cxt 0] Deparser 'deparser': end
[03:43:26.098] [bmv2] [D] [thread 7289] [3.0] [cxt 0] Transmitting packet of size 110 out of port 0
[03:43:26.127] [bmv2] [D] [thread 7284] [4.0] [cxt 0] Processing packet received on port 2
[03:43:26.127] [bmv2] [D] [thread 7284] [4.0] [cxt 0] Parser 'parser': start
[03:43:26.127] [bmv2] [D] [thread 7284] [4.0] [cxt 0] Parser 'parser' entering state 'start'
[03:43:26.127] [bmv2] [D] [thread 7284] [4.0] [cxt 0] Extracting header 'ethernet'
[03:43:26.127] [bmv2] [D] [thread 7284] [4.0] [cxt 0] Parser state 'start': key is 86dd
[03:43:26.128] [bmv2] [T] [thread 7284] [4.0] [cxt 0] Bytes parsed: 14
[03:43:26.128] [bmv2] [D] [thread 7284] [4.0] [cxt 0] Parser 'parser': end
[03:43:26.128] [bmv2] [D] [thread 7284] [4.0] [cxt 0] Pipeline 'ingress': start
[03:43:26.128] [bmv2] [T] [thread 7284] [4.0] [cxt 0] status_forward.p4(147) Condition "hdr.ipv4.isValid() && !hdr.status.isValid()" (node_2) is false
[03:43:26.128] [bmv2] [T] [thread 7284] [4.0] [cxt 0] status_forward.p4(152) Condition "hdr.status.isValid()" (node_4) is false
[03:43:26.128] [bmv2] [D] [thread 7284] [4.0] [cxt 0] Pipeline 'ingress': end
[03:43:26.128] [bmv2] [D] [thread 7284] [4.0] [cxt 0] Egress port is 0
[03:43:26.133] [bmv2] [D] [thread 7285] [4.0] [cxt 0] Pipeline 'egress': start
[03:43:26.133] [bmv2] [D] [thread 7285] [4.0] [cxt 0] Pipeline 'egress': end
[03:43:26.133] [bmv2] [D] [thread 7285] [4.0] [cxt 0] Deparser 'deparser': start
[03:43:26.133] [bmv2] [T] [thread 7285] [4.0] [cxt 0] Skipping checksum 'cksum' update because condition not met
[03:43:26.133] [bmv2] [D] [thread 7285] [4.0] [cxt 0] Deparsing header 'ethernet'
[03:43:26.133] [bmv2] [D] [thread 7285] [4.0] [cxt 0] Deparser 'deparser': end
[03:43:26.133] [bmv2] [D] [thread 7289] [4.0] [cxt 0] Transmitting packet of size 90 out of port 0
[03:43:26.133] [bmv2] [D] [thread 7284] [5.0] [cxt 0] Processing packet received on port 2
[03:43:26.133] [bmv2] [D] [thread 7284] [5.0] [cxt 0] Parser 'parser': start
[03:43:26.133] [bmv2] [D] [thread 7284] [5.0] [cxt 0] Parser 'parser' entering state 'start'
[03:43:26.133] [bmv2] [D] [thread 7284] [5.0] [cxt 0] Extracting header 'ethernet'
[03:43:26.134] [bmv2] [D] [thread 7284] [5.0] [cxt 0] Parser state 'start': key is 86dd
[03:43:26.134] [bmv2] [T] [thread 7284] [5.0] [cxt 0] Bytes parsed: 14
[03:43:26.134] [bmv2] [D] [thread 7284] [5.0] [cxt 0] Parser 'parser': end
[03:43:26.134] [bmv2] [D] [thread 7284] [5.0] [cxt 0] Pipeline 'ingress': start
[03:43:26.134] [bmv2] [T] [thread 7284] [5.0] [cxt 0] status_forward.p4(147) Condition "hdr.ipv4.isValid() && !hdr.status.isValid()" (node_2) is false
[03:43:26.134] [bmv2] [T] [thread 7284] [5.0] [cxt 0] status_forward.p4(152) Condition "hdr.status.isValid()" (node_4) is false
[03:43:26.134] [bmv2] [D] [thread 7284] [5.0] [cxt 0] Pipeline 'ingress': end
[03:43:26.134] [bmv2] [D] [thread 7284] [5.0] [cxt 0] Egress port is 0
[03:43:26.134] [bmv2] [D] [thread 7285] [5.0] [cxt 0] Pipeline 'egress': start
[03:43:26.134] [bmv2] [D] [thread 7285] [5.0] [cxt 0] Pipeline 'egress': end
[03:43:26.134] [bmv2] [D] [thread 7285] [5.0] [cxt 0] Deparser 'deparser': start
[03:43:26.134] [bmv2] [T] [thread 7285] [5.0] [cxt 0] Skipping checksum 'cksum' update because condition not met
[03:43:26.134] [bmv2] [D] [thread 7285] [5.0] [cxt 0] Deparsing header 'ethernet'
[03:43:26.134] [bmv2] [D] [thread 7285] [5.0] [cxt 0] Deparser 'deparser': end
[03:43:26.134] [bmv2] [D] [thread 7289] [5.0] [cxt 0] Transmitting packet of size 70 out of port 0
[03:43:26.134] [bmv2] [D] [thread 7284] [6.0] [cxt 0] Processing packet received on port 1
[03:43:26.134] [bmv2] [D] [thread 7284] [6.0] [cxt 0] Parser 'parser': start
[03:43:26.134] [bmv2] [D] [thread 7284] [6.0] [cxt 0] Parser 'parser' entering state 'start'
[03:43:26.134] [bmv2] [D] [thread 7284] [6.0] [cxt 0] Extracting header 'ethernet'
[03:43:26.134] [bmv2] [D] [thread 7284] [6.0] [cxt 0] Parser state 'start': key is 86dd
[03:43:26.134] [bmv2] [T] [thread 7284] [6.0] [cxt 0] Bytes parsed: 14
[03:43:26.134] [bmv2] [D] [thread 7284] [6.0] [cxt 0] Parser 'parser': end
[03:43:26.134] [bmv2] [D] [thread 7284] [6.0] [cxt 0] Pipeline 'ingress': start
[03:43:26.134] [bmv2] [T] [thread 7284] [6.0] [cxt 0] status_forward.p4(147) Condition "hdr.ipv4.isValid() && !hdr.status.isValid()" (node_2) is false
[03:43:26.134] [bmv2] [T] [thread 7284] [6.0] [cxt 0] status_forward.p4(152) Condition "hdr.status.isValid()" (node_4) is false
[03:43:26.134] [bmv2] [D] [thread 7284] [6.0] [cxt 0] Pipeline 'ingress': end
[03:43:26.134] [bmv2] [D] [thread 7284] [6.0] [cxt 0] Egress port is 0
[03:43:26.134] [bmv2] [D] [thread 7285] [6.0] [cxt 0] Pipeline 'egress': start
[03:43:26.134] [bmv2] [D] [thread 7285] [6.0] [cxt 0] Pipeline 'egress': end
[03:43:26.134] [bmv2] [D] [thread 7285] [6.0] [cxt 0] Deparser 'deparser': start
[03:43:26.134] [bmv2] [T] [thread 7285] [6.0] [cxt 0] Skipping checksum 'cksum' update because condition not met
[03:43:26.134] [bmv2] [D] [thread 7285] [6.0] [cxt 0] Deparsing header 'ethernet'
[03:43:26.134] [bmv2] [D] [thread 7285] [6.0] [cxt 0] Deparser 'deparser': end
[03:43:26.134] [bmv2] [D] [thread 7289] [6.0] [cxt 0] Transmitting packet of size 208 out of port 0
[03:43:26.135] [bmv2] [D] [thread 7284] [7.0] [cxt 0] Processing packet received on port 2
[03:43:26.135] [bmv2] [D] [thread 7284] [7.0] [cxt 0] Parser 'parser': start
[03:43:26.135] [bmv2] [D] [thread 7284] [7.0] [cxt 0] Parser 'parser' entering state 'start'
[03:43:26.135] [bmv2] [D] [thread 7284] [7.0] [cxt 0] Extracting header 'ethernet'
[03:43:26.135] [bmv2] [D] [thread 7284] [7.0] [cxt 0] Parser state 'start': key is 86dd
[03:43:26.135] [bmv2] [T] [thread 7284] [7.0] [cxt 0] Bytes parsed: 14
[03:43:26.135] [bmv2] [D] [thread 7284] [7.0] [cxt 0] Parser 'parser': end
[03:43:26.135] [bmv2] [D] [thread 7284] [7.0] [cxt 0] Pipeline 'ingress': start
[03:43:26.135] [bmv2] [T] [thread 7284] [7.0] [cxt 0] status_forward.p4(147) Condition "hdr.ipv4.isValid() && !hdr.status.isValid()" (node_2) is false
[03:43:26.135] [bmv2] [T] [thread 7284] [7.0] [cxt 0] status_forward.p4(152) Condition "hdr.status.isValid()" (node_4) is false
[03:43:26.135] [bmv2] [D] [thread 7284] [7.0] [cxt 0] Pipeline 'ingress': end
[03:43:26.135] [bmv2] [D] [thread 7284] [7.0] [cxt 0] Egress port is 0
[03:43:26.135] [bmv2] [D] [thread 7285] [7.0] [cxt 0] Pipeline 'egress': start
[03:43:26.135] [bmv2] [D] [thread 7285] [7.0] [cxt 0] Pipeline 'egress': end
[03:43:26.135] [bmv2] [D] [thread 7285] [7.0] [cxt 0] Deparser 'deparser': start
[03:43:26.135] [bmv2] [T] [thread 7285] [7.0] [cxt 0] Skipping checksum 'cksum' update because condition not met
[03:43:26.135] [bmv2] [D] [thread 7285] [7.0] [cxt 0] Deparsing header 'ethernet'
[03:43:26.135] [bmv2] [D] [thread 7285] [7.0] [cxt 0] Deparser 'deparser': end
[03:43:26.135] [bmv2] [D] [thread 7289] [7.0] [cxt 0] Transmitting packet of size 90 out of port 0
[03:43:26.195] [bmv2] [D] [thread 7284] [8.0] [cxt 0] Processing packet received on port 2
[03:43:26.195] [bmv2] [D] [thread 7284] [8.0] [cxt 0] Parser 'parser': start
[03:43:26.195] [bmv2] [D] [thread 7284] [8.0] [cxt 0] Parser 'parser' entering state 'start'
[03:43:26.195] [bmv2] [D] [thread 7284] [8.0] [cxt 0] Extracting header 'ethernet'
[03:43:26.195] [bmv2] [D] [thread 7284] [8.0] [cxt 0] Parser state 'start': key is 86dd
[03:43:26.195] [bmv2] [T] [thread 7284] [8.0] [cxt 0] Bytes parsed: 14
[03:43:26.195] [bmv2] [D] [thread 7284] [8.0] [cxt 0] Parser 'parser': end
[03:43:26.195] [bmv2] [D] [thread 7284] [8.0] [cxt 0] Pipeline 'ingress': start
[03:43:26.195] [bmv2] [T] [thread 7284] [8.0] [cxt 0] status_forward.p4(147) Condition "hdr.ipv4.isValid() && !hdr.status.isValid()" (node_2) is false
[03:43:26.195] [bmv2] [T] [thread 7284] [8.0] [cxt 0] status_forward.p4(152) Condition "hdr.status.isValid()" (node_4) is false
[03:43:26.196] [bmv2] [D] [thread 7284] [8.0] [cxt 0] Pipeline 'ingress': end
[03:43:26.196] [bmv2] [D] [thread 7284] [8.0] [cxt 0] Egress port is 0
[03:43:26.196] [bmv2] [D] [thread 7285] [8.0] [cxt 0] Pipeline 'egress': start
[03:43:26.196] [bmv2] [D] [thread 7285] [8.0] [cxt 0] Pipeline 'egress': end
[03:43:26.196] [bmv2] [D] [thread 7285] [8.0] [cxt 0] Deparser 'deparser': start
[03:43:26.196] [bmv2] [T] [thread 7285] [8.0] [cxt 0] Skipping checksum 'cksum' update because condition not met
[03:43:26.196] [bmv2] [D] [thread 7285] [8.0] [cxt 0] Deparsing header 'ethernet'
[03:43:26.196] [bmv2] [D] [thread 7285] [8.0] [cxt 0] Deparser 'deparser': end
[03:43:26.196] [bmv2] [D] [thread 7289] [8.0] [cxt 0] Transmitting packet of size 208 out of port 0
[03:43:26.217] [bmv2] [D] [thread 7284] [9.0] [cxt 0] Processing packet received on port 2
[03:43:26.218] [bmv2] [D] [thread 7284] [9.0] [cxt 0] Parser 'parser': start
[03:43:26.218] [bmv2] [D] [thread 7284] [9.0] [cxt 0] Parser 'parser' entering state 'start'
[03:43:26.218] [bmv2] [D] [thread 7284] [9.0] [cxt 0] Extracting header 'ethernet'
[03:43:26.218] [bmv2] [D] [thread 7284] [9.0] [cxt 0] Parser state 'start': key is 86dd
[03:43:26.218] [bmv2] [T] [thread 7284] [9.0] [cxt 0] Bytes parsed: 14
[03:43:26.218] [bmv2] [D] [thread 7284] [9.0] [cxt 0] Parser 'parser': end
[03:43:26.218] [bmv2] [D] [thread 7284] [9.0] [cxt 0] Pipeline 'ingress': start
[03:43:26.218] [bmv2] [T] [thread 7284] [9.0] [cxt 0] status_forward.p4(147) Condition "hdr.ipv4.isValid() && !hdr.status.isValid()" (node_2) is false
[03:43:26.218] [bmv2] [T] [thread 7284] [9.0] [cxt 0] status_forward.p4(152) Condition "hdr.status.isValid()" (node_4) is false
[03:43:26.218] [bmv2] [D] [thread 7284] [9.0] [cxt 0] Pipeline 'ingress': end
[03:43:26.218] [bmv2] [D] [thread 7284] [9.0] [cxt 0] Egress port is 0
[03:43:26.218] [bmv2] [D] [thread 7285] [9.0] [cxt 0] Pipeline 'egress': start
[03:43:26.218] [bmv2] [D] [thread 7285] [9.0] [cxt 0] Pipeline 'egress': end
[03:43:26.218] [bmv2] [D] [thread 7285] [9.0] [cxt 0] Deparser 'deparser': start
[03:43:26.218] [bmv2] [T] [thread 7285] [9.0] [cxt 0] Skipping checksum 'cksum' update because condition not met
[03:43:26.218] [bmv2] [D] [thread 7285] [9.0] [cxt 0] Deparsing header 'ethernet'
[03:43:26.218] [bmv2] [D] [thread 7285] [9.0] [cxt 0] Deparser 'deparser': end
[03:43:26.218] [bmv2] [D] [thread 7289] [9.0] [cxt 0] Transmitting packet of size 90 out of port 0
[03:43:26.218] [bmv2] [D] [thread 7284] [10.0] [cxt 0] Processing packet received on port 2
[03:43:26.218] [bmv2] [D] [thread 7284] [10.0] [cxt 0] Parser 'parser': start
[03:43:26.218] [bmv2] [D] [thread 7284] [10.0] [cxt 0] Parser 'parser' entering state 'start'
[03:43:26.218] [bmv2] [D] [thread 7284] [10.0] [cxt 0] Extracting header 'ethernet'
[03:43:26.218] [bmv2] [D] [thread 7284] [10.0] [cxt 0] Parser state 'start': key is 86dd
[03:43:26.218] [bmv2] [T] [thread 7284] [10.0] [cxt 0] Bytes parsed: 14
[03:43:26.218] [bmv2] [D] [thread 7284] [10.0] [cxt 0] Parser 'parser': end
[03:43:26.218] [bmv2] [D] [thread 7284] [10.0] [cxt 0] Pipeline 'ingress': start
[03:43:26.218] [bmv2] [T] [thread 7284] [10.0] [cxt 0] status_forward.p4(147) Condition "hdr.ipv4.isValid() && !hdr.status.isValid()" (node_2) is false
[03:43:26.218] [bmv2] [T] [thread 7284] [10.0] [cxt 0] status_forward.p4(152) Condition "hdr.status.isValid()" (node_4) is false
[03:43:26.218] [bmv2] [D] [thread 7284] [10.0] [cxt 0] Pipeline 'ingress': end
[03:43:26.218] [bmv2] [D] [thread 7284] [10.0] [cxt 0] Egress port is 0
[03:43:26.218] [bmv2] [D] [thread 7285] [10.0] [cxt 0] Pipeline 'egress': start
[03:43:26.218] [bmv2] [D] [thread 7285] [10.0] [cxt 0] Pipeline 'egress': end
[03:43:26.218] [bmv2] [D] [thread 7285] [10.0] [cxt 0] Deparser 'deparser': start
[03:43:26.218] [bmv2] [T] [thread 7285] [10.0] [cxt 0] Skipping checksum 'cksum' update because condition not met
[03:43:26.218] [bmv2] [D] [thread 7285] [10.0] [cxt 0] Deparsing header 'ethernet'
[03:43:26.219] [bmv2] [D] [thread 7285] [10.0] [cxt 0] Deparser 'deparser': end
[03:43:26.219] [bmv2] [D] [thread 7289] [10.0] [cxt 0] Transmitting packet of size 70 out of port 0
[03:43:26.226] [bmv2] [D] [thread 7284] [11.0] [cxt 0] Processing packet received on port 2
[03:43:26.226] [bmv2] [D] [thread 7284] [11.0] [cxt 0] Parser 'parser': start
[03:43:26.226] [bmv2] [D] [thread 7284] [11.0] [cxt 0] Parser 'parser' entering state 'start'
[03:43:26.226] [bmv2] [D] [thread 7284] [11.0] [cxt 0] Extracting header 'ethernet'
[03:43:26.226] [bmv2] [D] [thread 7284] [11.0] [cxt 0] Parser state 'start': key is 86dd
[03:43:26.226] [bmv2] [T] [thread 7284] [11.0] [cxt 0] Bytes parsed: 14
[03:43:26.226] [bmv2] [D] [thread 7284] [11.0] [cxt 0] Parser 'parser': end
[03:43:26.226] [bmv2] [D] [thread 7284] [11.0] [cxt 0] Pipeline 'ingress': start
[03:43:26.226] [bmv2] [T] [thread 7284] [11.0] [cxt 0] status_forward.p4(147) Condition "hdr.ipv4.isValid() && !hdr.status.isValid()" (node_2) is false
[03:43:26.226] [bmv2] [T] [thread 7284] [11.0] [cxt 0] status_forward.p4(152) Condition "hdr.status.isValid()" (node_4) is false
[03:43:26.226] [bmv2] [D] [thread 7284] [11.0] [cxt 0] Pipeline 'ingress': end
[03:43:26.226] [bmv2] [D] [thread 7284] [11.0] [cxt 0] Egress port is 0
[03:43:26.226] [bmv2] [D] [thread 7285] [11.0] [cxt 0] Pipeline 'egress': start
[03:43:26.226] [bmv2] [D] [thread 7285] [11.0] [cxt 0] Pipeline 'egress': end
[03:43:26.226] [bmv2] [D] [thread 7285] [11.0] [cxt 0] Deparser 'deparser': start
[03:43:26.226] [bmv2] [T] [thread 7285] [11.0] [cxt 0] Skipping checksum 'cksum' update because condition not met
[03:43:26.226] [bmv2] [D] [thread 7285] [11.0] [cxt 0] Deparsing header 'ethernet'
[03:43:26.226] [bmv2] [D] [thread 7285] [11.0] [cxt 0] Deparser 'deparser': end
[03:43:26.226] [bmv2] [D] [thread 7289] [11.0] [cxt 0] Transmitting packet of size 90 out of port 0
[03:43:26.234] [bmv2] [D] [thread 7284] [12.0] [cxt 0] Processing packet received on port 2
[03:43:26.234] [bmv2] [D] [thread 7284] [12.0] [cxt 0] Parser 'parser': start
[03:43:26.234] [bmv2] [D] [thread 7284] [12.0] [cxt 0] Parser 'parser' entering state 'start'
[03:43:26.234] [bmv2] [D] [thread 7284] [12.0] [cxt 0] Extracting header 'ethernet'
[03:43:26.234] [bmv2] [D] [thread 7284] [12.0] [cxt 0] Parser state 'start': key is 86dd
[03:43:26.234] [bmv2] [T] [thread 7284] [12.0] [cxt 0] Bytes parsed: 14
[03:43:26.234] [bmv2] [D] [thread 7284] [12.0] [cxt 0] Parser 'parser': end
[03:43:26.234] [bmv2] [D] [thread 7284] [12.0] [cxt 0] Pipeline 'ingress': start
[03:43:26.234] [bmv2] [T] [thread 7284] [12.0] [cxt 0] status_forward.p4(147) Condition "hdr.ipv4.isValid() && !hdr.status.isValid()" (node_2) is false
[03:43:26.234] [bmv2] [T] [thread 7284] [12.0] [cxt 0] status_forward.p4(152) Condition "hdr.status.isValid()" (node_4) is false
[03:43:26.234] [bmv2] [D] [thread 7284] [12.0] [cxt 0] Pipeline 'ingress': end
[03:43:26.234] [bmv2] [D] [thread 7284] [12.0] [cxt 0] Egress port is 0
[03:43:26.234] [bmv2] [D] [thread 7285] [12.0] [cxt 0] Pipeline 'egress': start
[03:43:26.234] [bmv2] [D] [thread 7285] [12.0] [cxt 0] Pipeline 'egress': end
[03:43:26.234] [bmv2] [D] [thread 7285] [12.0] [cxt 0] Deparser 'deparser': start
[03:43:26.234] [bmv2] [T] [thread 7285] [12.0] [cxt 0] Skipping checksum 'cksum' update because condition not met
[03:43:26.234] [bmv2] [D] [thread 7285] [12.0] [cxt 0] Deparsing header 'ethernet'
[03:43:26.234] [bmv2] [D] [thread 7285] [12.0] [cxt 0] Deparser 'deparser': end
[03:43:26.235] [bmv2] [D] [thread 7289] [12.0] [cxt 0] Transmitting packet of size 107 out of port 0
[03:43:26.285] [bmv2] [D] [thread 7284] [13.0] [cxt 0] Processing packet received on port 2
[03:43:26.285] [bmv2] [D] [thread 7284] [13.0] [cxt 0] Parser 'parser': start
[03:43:26.285] [bmv2] [D] [thread 7284] [13.0] [cxt 0] Parser 'parser' entering state 'start'
[03:43:26.285] [bmv2] [D] [thread 7284] [13.0] [cxt 0] Extracting header 'ethernet'
[03:43:26.285] [bmv2] [D] [thread 7284] [13.0] [cxt 0] Parser state 'start': key is 86dd
[03:43:26.285] [bmv2] [T] [thread 7284] [13.0] [cxt 0] Bytes parsed: 14
[03:43:26.285] [bmv2] [D] [thread 7284] [13.0] [cxt 0] Parser 'parser': end
[03:43:26.285] [bmv2] [D] [thread 7284] [13.0] [cxt 0] Pipeline 'ingress': start
[03:43:26.285] [bmv2] [T] [thread 7284] [13.0] [cxt 0] status_forward.p4(147) Condition "hdr.ipv4.isValid() && !hdr.status.isValid()" (node_2) is false
[03:43:26.285] [bmv2] [T] [thread 7284] [13.0] [cxt 0] status_forward.p4(152) Condition "hdr.status.isValid()" (node_4) is false
[03:43:26.285] [bmv2] [D] [thread 7284] [13.0] [cxt 0] Pipeline 'ingress': end
[03:43:26.285] [bmv2] [D] [thread 7284] [13.0] [cxt 0] Egress port is 0
[03:43:26.285] [bmv2] [D] [thread 7285] [13.0] [cxt 0] Pipeline 'egress': start
[03:43:26.285] [bmv2] [D] [thread 7285] [13.0] [cxt 0] Pipeline 'egress': end
[03:43:26.285] [bmv2] [D] [thread 7285] [13.0] [cxt 0] Deparser 'deparser': start
[03:43:26.285] [bmv2] [T] [thread 7285] [13.0] [cxt 0] Skipping checksum 'cksum' update because condition not met
[03:43:26.285] [bmv2] [D] [thread 7285] [13.0] [cxt 0] Deparsing header 'ethernet'
[03:43:26.285] [bmv2] [D] [thread 7285] [13.0] [cxt 0] Deparser 'deparser': end
[03:43:26.285] [bmv2] [D] [thread 7289] [13.0] [cxt 0] Transmitting packet of size 208 out of port 0
[03:43:26.317] [bmv2] [D] [thread 7284] [14.0] [cxt 0] Processing packet received on port 1
[03:43:26.317] [bmv2] [D] [thread 7284] [14.0] [cxt 0] Parser 'parser': start
[03:43:26.317] [bmv2] [D] [thread 7284] [14.0] [cxt 0] Parser 'parser' entering state 'start'
[03:43:26.317] [bmv2] [D] [thread 7284] [14.0] [cxt 0] Extracting header 'ethernet'
[03:43:26.317] [bmv2] [D] [thread 7284] [14.0] [cxt 0] Parser state 'start': key is 86dd
[03:43:26.317] [bmv2] [T] [thread 7284] [14.0] [cxt 0] Bytes parsed: 14
[03:43:26.317] [bmv2] [D] [thread 7284] [14.0] [cxt 0] Parser 'parser': end
[03:43:26.317] [bmv2] [D] [thread 7284] [14.0] [cxt 0] Pipeline 'ingress': start
[03:43:26.317] [bmv2] [T] [thread 7284] [14.0] [cxt 0] status_forward.p4(147) Condition "hdr.ipv4.isValid() && !hdr.status.isValid()" (node_2) is false
[03:43:26.317] [bmv2] [T] [thread 7284] [14.0] [cxt 0] status_forward.p4(152) Condition "hdr.status.isValid()" (node_4) is false
[03:43:26.317] [bmv2] [D] [thread 7284] [14.0] [cxt 0] Pipeline 'ingress': end
[03:43:26.317] [bmv2] [D] [thread 7284] [14.0] [cxt 0] Egress port is 0
[03:43:26.317] [bmv2] [D] [thread 7285] [14.0] [cxt 0] Pipeline 'egress': start
[03:43:26.317] [bmv2] [D] [thread 7285] [14.0] [cxt 0] Pipeline 'egress': end
[03:43:26.317] [bmv2] [D] [thread 7285] [14.0] [cxt 0] Deparser 'deparser': start
[03:43:26.317] [bmv2] [T] [thread 7285] [14.0] [cxt 0] Skipping checksum 'cksum' update because condition not met
[03:43:26.317] [bmv2] [D] [thread 7285] [14.0] [cxt 0] Deparsing header 'ethernet'
[03:43:26.317] [bmv2] [D] [thread 7285] [14.0] [cxt 0] Deparser 'deparser': end
[03:43:26.317] [bmv2] [D] [thread 7289] [14.0] [cxt 0] Transmitting packet of size 208 out of port 0
[03:43:26.319] [bmv2] [D] [thread 7284] [15.0] [cxt 0] Processing packet received on port 1
[03:43:26.319] [bmv2] [D] [thread 7284] [15.0] [cxt 0] Parser 'parser': start
[03:43:26.319] [bmv2] [D] [thread 7284] [15.0] [cxt 0] Parser 'parser' entering state 'start'
[03:43:26.319] [bmv2] [D] [thread 7284] [15.0] [cxt 0] Extracting header 'ethernet'
[03:43:26.319] [bmv2] [D] [thread 7284] [15.0] [cxt 0] Parser state 'start': key is 86dd
[03:43:26.319] [bmv2] [T] [thread 7284] [15.0] [cxt 0] Bytes parsed: 14
[03:43:26.319] [bmv2] [D] [thread 7284] [15.0] [cxt 0] Parser 'parser': end
[03:43:26.319] [bmv2] [D] [thread 7284] [15.0] [cxt 0] Pipeline 'ingress': start
[03:43:26.319] [bmv2] [T] [thread 7284] [15.0] [cxt 0] status_forward.p4(147) Condition "hdr.ipv4.isValid() && !hdr.status.isValid()" (node_2) is false
[03:43:26.319] [bmv2] [T] [thread 7284] [15.0] [cxt 0] status_forward.p4(152) Condition "hdr.status.isValid()" (node_4) is false
[03:43:26.319] [bmv2] [D] [thread 7284] [15.0] [cxt 0] Pipeline 'ingress': end
[03:43:26.319] [bmv2] [D] [thread 7284] [15.0] [cxt 0] Egress port is 0
[03:43:26.319] [bmv2] [D] [thread 7285] [15.0] [cxt 0] Pipeline 'egress': start
[03:43:26.319] [bmv2] [D] [thread 7285] [15.0] [cxt 0] Pipeline 'egress': end
[03:43:26.319] [bmv2] [D] [thread 7285] [15.0] [cxt 0] Deparser 'deparser': start
[03:43:26.319] [bmv2] [T] [thread 7285] [15.0] [cxt 0] Skipping checksum 'cksum' update because condition not met
[03:43:26.319] [bmv2] [D] [thread 7285] [15.0] [cxt 0] Deparsing header 'ethernet'
[03:43:26.319] [bmv2] [D] [thread 7285] [15.0] [cxt 0] Deparser 'deparser': end
[03:43:26.319] [bmv2] [D] [thread 7289] [15.0] [cxt 0] Transmitting packet of size 90 out of port 0
[03:43:26.378] [bmv2] [D] [thread 7284] [16.0] [cxt 0] Processing packet received on port 1
[03:43:26.379] [bmv2] [D] [thread 7284] [16.0] [cxt 0] Parser 'parser': start
[03:43:26.379] [bmv2] [D] [thread 7284] [16.0] [cxt 0] Parser 'parser' entering state 'start'
[03:43:26.379] [bmv2] [D] [thread 7284] [16.0] [cxt 0] Extracting header 'ethernet'
[03:43:26.379] [bmv2] [D] [thread 7284] [16.0] [cxt 0] Parser state 'start': key is 86dd
[03:43:26.379] [bmv2] [T] [thread 7284] [16.0] [cxt 0] Bytes parsed: 14
[03:43:26.379] [bmv2] [D] [thread 7284] [16.0] [cxt 0] Parser 'parser': end
[03:43:26.379] [bmv2] [D] [thread 7284] [16.0] [cxt 0] Pipeline 'ingress': start
[03:43:26.379] [bmv2] [T] [thread 7284] [16.0] [cxt 0] status_forward.p4(147) Condition "hdr.ipv4.isValid() && !hdr.status.isValid()" (node_2) is false
[03:43:26.379] [bmv2] [T] [thread 7284] [16.0] [cxt 0] status_forward.p4(152) Condition "hdr.status.isValid()" (node_4) is false
[03:43:26.379] [bmv2] [D] [thread 7284] [16.0] [cxt 0] Pipeline 'ingress': end
[03:43:26.379] [bmv2] [D] [thread 7284] [16.0] [cxt 0] Egress port is 0
[03:43:26.379] [bmv2] [D] [thread 7285] [16.0] [cxt 0] Pipeline 'egress': start
[03:43:26.379] [bmv2] [D] [thread 7285] [16.0] [cxt 0] Pipeline 'egress': end
[03:43:26.379] [bmv2] [D] [thread 7285] [16.0] [cxt 0] Deparser 'deparser': start
[03:43:26.379] [bmv2] [T] [thread 7285] [16.0] [cxt 0] Skipping checksum 'cksum' update because condition not met
[03:43:26.379] [bmv2] [D] [thread 7285] [16.0] [cxt 0] Deparsing header 'ethernet'
[03:43:26.379] [bmv2] [D] [thread 7285] [16.0] [cxt 0] Deparser 'deparser': end
[03:43:26.379] [bmv2] [D] [thread 7289] [16.0] [cxt 0] Transmitting packet of size 208 out of port 0
[03:43:26.382] [bmv2] [D] [thread 7284] [17.0] [cxt 0] Processing packet received on port 2
[03:43:26.382] [bmv2] [D] [thread 7284] [17.0] [cxt 0] Parser 'parser': start
[03:43:26.382] [bmv2] [D] [thread 7284] [17.0] [cxt 0] Parser 'parser' entering state 'start'
[03:43:26.382] [bmv2] [D] [thread 7284] [17.0] [cxt 0] Extracting header 'ethernet'
[03:43:26.382] [bmv2] [D] [thread 7284] [17.0] [cxt 0] Parser state 'start': key is 86dd
[03:43:26.382] [bmv2] [T] [thread 7284] [17.0] [cxt 0] Bytes parsed: 14
[03:43:26.382] [bmv2] [D] [thread 7284] [17.0] [cxt 0] Parser 'parser': end
[03:43:26.382] [bmv2] [D] [thread 7284] [17.0] [cxt 0] Pipeline 'ingress': start
[03:43:26.382] [bmv2] [T] [thread 7284] [17.0] [cxt 0] status_forward.p4(147) Condition "hdr.ipv4.isValid() && !hdr.status.isValid()" (node_2) is false
[03:43:26.382] [bmv2] [T] [thread 7284] [17.0] [cxt 0] status_forward.p4(152) Condition "hdr.status.isValid()" (node_4) is false
[03:43:26.382] [bmv2] [D] [thread 7284] [17.0] [cxt 0] Pipeline 'ingress': end
[03:43:26.382] [bmv2] [D] [thread 7284] [17.0] [cxt 0] Egress port is 0
[03:43:26.382] [bmv2] [D] [thread 7285] [17.0] [cxt 0] Pipeline 'egress': start
[03:43:26.382] [bmv2] [D] [thread 7285] [17.0] [cxt 0] Pipeline 'egress': end
[03:43:26.382] [bmv2] [D] [thread 7285] [17.0] [cxt 0] Deparser 'deparser': start
[03:43:26.382] [bmv2] [T] [thread 7285] [17.0] [cxt 0] Skipping checksum 'cksum' update because condition not met
[03:43:26.382] [bmv2] [D] [thread 7285] [17.0] [cxt 0] Deparsing header 'ethernet'
[03:43:26.382] [bmv2] [D] [thread 7285] [17.0] [cxt 0] Deparser 'deparser': end
[03:43:26.382] [bmv2] [D] [thread 7289] [17.0] [cxt 0] Transmitting packet of size 110 out of port 0
[03:43:26.451] [bmv2] [D] [thread 7284] [18.0] [cxt 0] Processing packet received on port 2
[03:43:26.451] [bmv2] [D] [thread 7284] [18.0] [cxt 0] Parser 'parser': start
[03:43:26.451] [bmv2] [D] [thread 7284] [18.0] [cxt 0] Parser 'parser' entering state 'start'
[03:43:26.451] [bmv2] [D] [thread 7284] [18.0] [cxt 0] Extracting header 'ethernet'
[03:43:26.451] [bmv2] [D] [thread 7284] [18.0] [cxt 0] Parser state 'start': key is 86dd
[03:43:26.452] [bmv2] [T] [thread 7284] [18.0] [cxt 0] Bytes parsed: 14
[03:43:26.452] [bmv2] [D] [thread 7284] [18.0] [cxt 0] Parser 'parser': end
[03:43:26.452] [bmv2] [D] [thread 7284] [18.0] [cxt 0] Pipeline 'ingress': start
[03:43:26.452] [bmv2] [T] [thread 7284] [18.0] [cxt 0] status_forward.p4(147) Condition "hdr.ipv4.isValid() && !hdr.status.isValid()" (node_2) is false
[03:43:26.452] [bmv2] [T] [thread 7284] [18.0] [cxt 0] status_forward.p4(152) Condition "hdr.status.isValid()" (node_4) is false
[03:43:26.452] [bmv2] [D] [thread 7284] [18.0] [cxt 0] Pipeline 'ingress': end
[03:43:26.452] [bmv2] [D] [thread 7284] [18.0] [cxt 0] Egress port is 0
[03:43:26.452] [bmv2] [D] [thread 7285] [18.0] [cxt 0] Pipeline 'egress': start
[03:43:26.452] [bmv2] [D] [thread 7285] [18.0] [cxt 0] Pipeline 'egress': end
[03:43:26.452] [bmv2] [D] [thread 7285] [18.0] [cxt 0] Deparser 'deparser': start
[03:43:26.452] [bmv2] [T] [thread 7285] [18.0] [cxt 0] Skipping checksum 'cksum' update because condition not met
[03:43:26.452] [bmv2] [D] [thread 7285] [18.0] [cxt 0] Deparsing header 'ethernet'
[03:43:26.452] [bmv2] [D] [thread 7285] [18.0] [cxt 0] Deparser 'deparser': end
[03:43:26.452] [bmv2] [D] [thread 7289] [18.0] [cxt 0] Transmitting packet of size 208 out of port 0
[03:43:26.462] [bmv2] [D] [thread 7284] [19.0] [cxt 0] Processing packet received on port 2
[03:43:26.462] [bmv2] [D] [thread 7284] [19.0] [cxt 0] Parser 'parser': start
[03:43:26.462] [bmv2] [D] [thread 7284] [19.0] [cxt 0] Parser 'parser' entering state 'start'
[03:43:26.462] [bmv2] [D] [thread 7284] [19.0] [cxt 0] Extracting header 'ethernet'
[03:43:26.462] [bmv2] [D] [thread 7284] [19.0] [cxt 0] Parser state 'start': key is 86dd
[03:43:26.462] [bmv2] [T] [thread 7284] [19.0] [cxt 0] Bytes parsed: 14
[03:43:26.462] [bmv2] [D] [thread 7284] [19.0] [cxt 0] Parser 'parser': end
[03:43:26.462] [bmv2] [D] [thread 7284] [19.0] [cxt 0] Pipeline 'ingress': start
[03:43:26.462] [bmv2] [T] [thread 7284] [19.0] [cxt 0] status_forward.p4(147) Condition "hdr.ipv4.isValid() && !hdr.status.isValid()" (node_2) is false
[03:43:26.462] [bmv2] [T] [thread 7284] [19.0] [cxt 0] status_forward.p4(152) Condition "hdr.status.isValid()" (node_4) is false
[03:43:26.462] [bmv2] [D] [thread 7284] [19.0] [cxt 0] Pipeline 'ingress': end
[03:43:26.462] [bmv2] [D] [thread 7284] [19.0] [cxt 0] Egress port is 0
[03:43:26.462] [bmv2] [D] [thread 7285] [19.0] [cxt 0] Pipeline 'egress': start
[03:43:26.462] [bmv2] [D] [thread 7285] [19.0] [cxt 0] Pipeline 'egress': end
[03:43:26.462] [bmv2] [D] [thread 7285] [19.0] [cxt 0] Deparser 'deparser': start
[03:43:26.462] [bmv2] [T] [thread 7285] [19.0] [cxt 0] Skipping checksum 'cksum' update because condition not met
[03:43:26.462] [bmv2] [D] [thread 7285] [19.0] [cxt 0] Deparsing header 'ethernet'
[03:43:26.462] [bmv2] [D] [thread 7285] [19.0] [cxt 0] Deparser 'deparser': end
[03:43:26.462] [bmv2] [D] [thread 7289] [19.0] [cxt 0] Transmitting packet of size 90 out of port 0
[03:43:26.515] [bmv2] [D] [thread 7284] [20.0] [cxt 0] Processing packet received on port 1
[03:43:26.515] [bmv2] [D] [thread 7284] [20.0] [cxt 0] Parser 'parser': start
[03:43:26.515] [bmv2] [D] [thread 7284] [20.0] [cxt 0] Parser 'parser' entering state 'start'
[03:43:26.515] [bmv2] [D] [thread 7284] [20.0] [cxt 0] Extracting header 'ethernet'
[03:43:26.515] [bmv2] [D] [thread 7284] [20.0] [cxt 0] Parser state 'start': key is 86dd
[03:43:26.515] [bmv2] [T] [thread 7284] [20.0] [cxt 0] Bytes parsed: 14
[03:43:26.515] [bmv2] [D] [thread 7284] [20.0] [cxt 0] Parser 'parser': end
[03:43:26.515] [bmv2] [D] [thread 7284] [20.0] [cxt 0] Pipeline 'ingress': start
[03:43:26.515] [bmv2] [T] [thread 7284] [20.0] [cxt 0] status_forward.p4(147) Condition "hdr.ipv4.isValid() && !hdr.status.isValid()" (node_2) is false
[03:43:26.515] [bmv2] [T] [thread 7284] [20.0] [cxt 0] status_forward.p4(152) Condition "hdr.status.isValid()" (node_4) is false
[03:43:26.515] [bmv2] [D] [thread 7284] [20.0] [cxt 0] Pipeline 'ingress': end
[03:43:26.515] [bmv2] [D] [thread 7284] [20.0] [cxt 0] Egress port is 0
[03:43:26.515] [bmv2] [D] [thread 7285] [20.0] [cxt 0] Pipeline 'egress': start
[03:43:26.515] [bmv2] [D] [thread 7285] [20.0] [cxt 0] Pipeline 'egress': end
[03:43:26.515] [bmv2] [D] [thread 7285] [20.0] [cxt 0] Deparser 'deparser': start
[03:43:26.515] [bmv2] [T] [thread 7285] [20.0] [cxt 0] Skipping checksum 'cksum' update because condition not met
[03:43:26.515] [bmv2] [D] [thread 7285] [20.0] [cxt 0] Deparsing header 'ethernet'
[03:43:26.515] [bmv2] [D] [thread 7285] [20.0] [cxt 0] Deparser 'deparser': end
[03:43:26.515] [bmv2] [D] [thread 7289] [20.0] [cxt 0] Transmitting packet of size 196 out of port 0
[03:43:26.536] [bmv2] [D] [thread 7284] [21.0] [cxt 0] Processing packet received on port 2
[03:43:26.536] [bmv2] [D] [thread 7284] [21.0] [cxt 0] Parser 'parser': start
[03:43:26.536] [bmv2] [D] [thread 7284] [21.0] [cxt 0] Parser 'parser' entering state 'start'
[03:43:26.536] [bmv2] [D] [thread 7284] [21.0] [cxt 0] Extracting header 'ethernet'
[03:43:26.536] [bmv2] [D] [thread 7284] [21.0] [cxt 0] Parser state 'start': key is 86dd
[03:43:26.536] [bmv2] [T] [thread 7284] [21.0] [cxt 0] Bytes parsed: 14
[03:43:26.536] [bmv2] [D] [thread 7284] [21.0] [cxt 0] Parser 'parser': end
[03:43:26.536] [bmv2] [D] [thread 7284] [21.0] [cxt 0] Pipeline 'ingress': start
[03:43:26.536] [bmv2] [T] [thread 7284] [21.0] [cxt 0] status_forward.p4(147) Condition "hdr.ipv4.isValid() && !hdr.status.isValid()" (node_2) is false
[03:43:26.536] [bmv2] [T] [thread 7284] [21.0] [cxt 0] status_forward.p4(152) Condition "hdr.status.isValid()" (node_4) is false
[03:43:26.536] [bmv2] [D] [thread 7284] [21.0] [cxt 0] Pipeline 'ingress': end
[03:43:26.536] [bmv2] [D] [thread 7284] [21.0] [cxt 0] Egress port is 0
[03:43:26.536] [bmv2] [D] [thread 7285] [21.0] [cxt 0] Pipeline 'egress': start
[03:43:26.536] [bmv2] [D] [thread 7285] [21.0] [cxt 0] Pipeline 'egress': end
[03:43:26.536] [bmv2] [D] [thread 7285] [21.0] [cxt 0] Deparser 'deparser': start
[03:43:26.536] [bmv2] [T] [thread 7285] [21.0] [cxt 0] Skipping checksum 'cksum' update because condition not met
[03:43:26.536] [bmv2] [D] [thread 7285] [21.0] [cxt 0] Deparsing header 'ethernet'
[03:43:26.536] [bmv2] [D] [thread 7285] [21.0] [cxt 0] Deparser 'deparser': end
[03:43:26.536] [bmv2] [D] [thread 7289] [21.0] [cxt 0] Transmitting packet of size 208 out of port 0
[03:43:26.572] [bmv2] [D] [thread 7284] [22.0] [cxt 0] Processing packet received on port 1
[03:43:26.572] [bmv2] [D] [thread 7284] [22.0] [cxt 0] Parser 'parser': start
[03:43:26.572] [bmv2] [D] [thread 7284] [22.0] [cxt 0] Parser 'parser' entering state 'start'
[03:43:26.572] [bmv2] [D] [thread 7284] [22.0] [cxt 0] Extracting header 'ethernet'
[03:43:26.572] [bmv2] [D] [thread 7284] [22.0] [cxt 0] Parser state 'start': key is 86dd
[03:43:26.572] [bmv2] [T] [thread 7284] [22.0] [cxt 0] Bytes parsed: 14
[03:43:26.572] [bmv2] [D] [thread 7284] [22.0] [cxt 0] Parser 'parser': end
[03:43:26.572] [bmv2] [D] [thread 7284] [22.0] [cxt 0] Pipeline 'ingress': start
[03:43:26.572] [bmv2] [T] [thread 7284] [22.0] [cxt 0] status_forward.p4(147) Condition "hdr.ipv4.isValid() && !hdr.status.isValid()" (node_2) is false
[03:43:26.572] [bmv2] [T] [thread 7284] [22.0] [cxt 0] status_forward.p4(152) Condition "hdr.status.isValid()" (node_4) is false
[03:43:26.572] [bmv2] [D] [thread 7284] [22.0] [cxt 0] Pipeline 'ingress': end
[03:43:26.572] [bmv2] [D] [thread 7284] [22.0] [cxt 0] Egress port is 0
[03:43:26.572] [bmv2] [D] [thread 7285] [22.0] [cxt 0] Pipeline 'egress': start
[03:43:26.572] [bmv2] [D] [thread 7285] [22.0] [cxt 0] Pipeline 'egress': end
[03:43:26.572] [bmv2] [D] [thread 7285] [22.0] [cxt 0] Deparser 'deparser': start
[03:43:26.572] [bmv2] [T] [thread 7285] [22.0] [cxt 0] Skipping checksum 'cksum' update because condition not met
[03:43:26.572] [bmv2] [D] [thread 7285] [22.0] [cxt 0] Deparsing header 'ethernet'
[03:43:26.572] [bmv2] [D] [thread 7285] [22.0] [cxt 0] Deparser 'deparser': end
[03:43:26.572] [bmv2] [D] [thread 7289] [22.0] [cxt 0] Transmitting packet of size 196 out of port 0
[03:43:26.602] [bmv2] [D] [thread 7284] [23.0] [cxt 0] Processing packet received on port 2
[03:43:26.602] [bmv2] [D] [thread 7284] [23.0] [cxt 0] Parser 'parser': start
[03:43:26.602] [bmv2] [D] [thread 7284] [23.0] [cxt 0] Parser 'parser' entering state 'start'
[03:43:26.602] [bmv2] [D] [thread 7284] [23.0] [cxt 0] Extracting header 'ethernet'
[03:43:26.602] [bmv2] [D] [thread 7284] [23.0] [cxt 0] Parser state 'start': key is 86dd
[03:43:26.602] [bmv2] [T] [thread 7284] [23.0] [cxt 0] Bytes parsed: 14
[03:43:26.602] [bmv2] [D] [thread 7284] [23.0] [cxt 0] Parser 'parser': end
[03:43:26.602] [bmv2] [D] [thread 7284] [23.0] [cxt 0] Pipeline 'ingress': start
[03:43:26.602] [bmv2] [T] [thread 7284] [23.0] [cxt 0] status_forward.p4(147) Condition "hdr.ipv4.isValid() && !hdr.status.isValid()" (node_2) is false
[03:43:26.602] [bmv2] [T] [thread 7284] [23.0] [cxt 0] status_forward.p4(152) Condition "hdr.status.isValid()" (node_4) is false
[03:43:26.602] [bmv2] [D] [thread 7284] [23.0] [cxt 0] Pipeline 'ingress': end
[03:43:26.602] [bmv2] [D] [thread 7284] [23.0] [cxt 0] Egress port is 0
[03:43:26.602] [bmv2] [D] [thread 7285] [23.0] [cxt 0] Pipeline 'egress': start
[03:43:26.602] [bmv2] [D] [thread 7285] [23.0] [cxt 0] Pipeline 'egress': end
[03:43:26.602] [bmv2] [D] [thread 7285] [23.0] [cxt 0] Deparser 'deparser': start
[03:43:26.602] [bmv2] [T] [thread 7285] [23.0] [cxt 0] Skipping checksum 'cksum' update because condition not met
[03:43:26.602] [bmv2] [D] [thread 7285] [23.0] [cxt 0] Deparsing header 'ethernet'
[03:43:26.602] [bmv2] [D] [thread 7285] [23.0] [cxt 0] Deparser 'deparser': end
[03:43:26.602] [bmv2] [D] [thread 7289] [23.0] [cxt 0] Transmitting packet of size 90 out of port 0
[03:43:26.697] [bmv2] [D] [thread 7284] [24.0] [cxt 0] Processing packet received on port 2
[03:43:26.697] [bmv2] [D] [thread 7284] [24.0] [cxt 0] Parser 'parser': start
[03:43:26.697] [bmv2] [D] [thread 7284] [24.0] [cxt 0] Parser 'parser' entering state 'start'
[03:43:26.697] [bmv2] [D] [thread 7284] [24.0] [cxt 0] Extracting header 'ethernet'
[03:43:26.697] [bmv2] [D] [thread 7284] [24.0] [cxt 0] Parser state 'start': key is 86dd
[03:43:26.697] [bmv2] [T] [thread 7284] [24.0] [cxt 0] Bytes parsed: 14
[03:43:26.697] [bmv2] [D] [thread 7284] [24.0] [cxt 0] Parser 'parser': end
[03:43:26.697] [bmv2] [D] [thread 7284] [24.0] [cxt 0] Pipeline 'ingress': start
[03:43:26.697] [bmv2] [T] [thread 7284] [24.0] [cxt 0] status_forward.p4(147) Condition "hdr.ipv4.isValid() && !hdr.status.isValid()" (node_2) is false
[03:43:26.698] [bmv2] [T] [thread 7284] [24.0] [cxt 0] status_forward.p4(152) Condition "hdr.status.isValid()" (node_4) is false
[03:43:26.698] [bmv2] [D] [thread 7284] [24.0] [cxt 0] Pipeline 'ingress': end
[03:43:26.698] [bmv2] [D] [thread 7284] [24.0] [cxt 0] Egress port is 0
[03:43:26.698] [bmv2] [D] [thread 7285] [24.0] [cxt 0] Pipeline 'egress': start
[03:43:26.698] [bmv2] [D] [thread 7285] [24.0] [cxt 0] Pipeline 'egress': end
[03:43:26.698] [bmv2] [D] [thread 7285] [24.0] [cxt 0] Deparser 'deparser': start
[03:43:26.698] [bmv2] [T] [thread 7285] [24.0] [cxt 0] Skipping checksum 'cksum' update because condition not met
[03:43:26.698] [bmv2] [D] [thread 7285] [24.0] [cxt 0] Deparsing header 'ethernet'
[03:43:26.698] [bmv2] [D] [thread 7285] [24.0] [cxt 0] Deparser 'deparser': end
[03:43:26.698] [bmv2] [D] [thread 7289] [24.0] [cxt 0] Transmitting packet of size 208 out of port 0
[03:43:26.787] [bmv2] [D] [thread 7284] [25.0] [cxt 0] Processing packet received on port 2
[03:43:26.787] [bmv2] [D] [thread 7284] [25.0] [cxt 0] Parser 'parser': start
[03:43:26.787] [bmv2] [D] [thread 7284] [25.0] [cxt 0] Parser 'parser' entering state 'start'
[03:43:26.787] [bmv2] [D] [thread 7284] [25.0] [cxt 0] Extracting header 'ethernet'
[03:43:26.787] [bmv2] [D] [thread 7284] [25.0] [cxt 0] Parser state 'start': key is 86dd
[03:43:26.787] [bmv2] [T] [thread 7284] [25.0] [cxt 0] Bytes parsed: 14
[03:43:26.787] [bmv2] [D] [thread 7284] [25.0] [cxt 0] Parser 'parser': end
[03:43:26.787] [bmv2] [D] [thread 7284] [25.0] [cxt 0] Pipeline 'ingress': start
[03:43:26.787] [bmv2] [T] [thread 7284] [25.0] [cxt 0] status_forward.p4(147) Condition "hdr.ipv4.isValid() && !hdr.status.isValid()" (node_2) is false
[03:43:26.787] [bmv2] [T] [thread 7284] [25.0] [cxt 0] status_forward.p4(152) Condition "hdr.status.isValid()" (node_4) is false
[03:43:26.787] [bmv2] [D] [thread 7284] [25.0] [cxt 0] Pipeline 'ingress': end
[03:43:26.787] [bmv2] [D] [thread 7284] [25.0] [cxt 0] Egress port is 0
[03:43:26.787] [bmv2] [D] [thread 7285] [25.0] [cxt 0] Pipeline 'egress': start
[03:43:26.787] [bmv2] [D] [thread 7285] [25.0] [cxt 0] Pipeline 'egress': end
[03:43:26.787] [bmv2] [D] [thread 7285] [25.0] [cxt 0] Deparser 'deparser': start
[03:43:26.787] [bmv2] [T] [thread 7285] [25.0] [cxt 0] Skipping checksum 'cksum' update because condition not met
[03:43:26.787] [bmv2] [D] [thread 7285] [25.0] [cxt 0] Deparsing header 'ethernet'
[03:43:26.787] [bmv2] [D] [thread 7285] [25.0] [cxt 0] Deparser 'deparser': end
[03:43:26.787] [bmv2] [D] [thread 7289] [25.0] [cxt 0] Transmitting packet of size 208 out of port 0
[03:43:26.846] [bmv2] [D] [thread 7284] [26.0] [cxt 0] Processing packet received on port 1
[03:43:26.846] [bmv2] [D] [thread 7284] [26.0] [cxt 0] Parser 'parser': start
[03:43:26.846] [bmv2] [D] [thread 7284] [26.0] [cxt 0] Parser 'parser' entering state 'start'
[03:43:26.847] [bmv2] [D] [thread 7284] [26.0] [cxt 0] Extracting header 'ethernet'
[03:43:26.847] [bmv2] [D] [thread 7284] [26.0] [cxt 0] Parser state 'start': key is 86dd
[03:43:26.847] [bmv2] [T] [thread 7284] [26.0] [cxt 0] Bytes parsed: 14
[03:43:26.847] [bmv2] [D] [thread 7284] [26.0] [cxt 0] Parser 'parser': end
[03:43:26.847] [bmv2] [D] [thread 7284] [26.0] [cxt 0] Pipeline 'ingress': start
[03:43:26.847] [bmv2] [T] [thread 7284] [26.0] [cxt 0] status_forward.p4(147) Condition "hdr.ipv4.isValid() && !hdr.status.isValid()" (node_2) is false
[03:43:26.847] [bmv2] [T] [thread 7284] [26.0] [cxt 0] status_forward.p4(152) Condition "hdr.status.isValid()" (node_4) is false
[03:43:26.847] [bmv2] [D] [thread 7284] [26.0] [cxt 0] Pipeline 'ingress': end
[03:43:26.847] [bmv2] [D] [thread 7284] [26.0] [cxt 0] Egress port is 0
[03:43:26.847] [bmv2] [D] [thread 7285] [26.0] [cxt 0] Pipeline 'egress': start
[03:43:26.847] [bmv2] [D] [thread 7285] [26.0] [cxt 0] Pipeline 'egress': end
[03:43:26.847] [bmv2] [D] [thread 7285] [26.0] [cxt 0] Deparser 'deparser': start
[03:43:26.847] [bmv2] [T] [thread 7285] [26.0] [cxt 0] Skipping checksum 'cksum' update because condition not met
[03:43:26.847] [bmv2] [D] [thread 7285] [26.0] [cxt 0] Deparsing header 'ethernet'
[03:43:26.847] [bmv2] [D] [thread 7285] [26.0] [cxt 0] Deparser 'deparser': end
[03:43:26.847] [bmv2] [D] [thread 7289] [26.0] [cxt 0] Transmitting packet of size 107 out of port 0
[03:43:26.897] [bmv2] [D] [thread 7284] [27.0] [cxt 0] Processing packet received on port 2
[03:43:26.897] [bmv2] [D] [thread 7284] [27.0] [cxt 0] Parser 'parser': start
[03:43:26.897] [bmv2] [D] [thread 7284] [27.0] [cxt 0] Parser 'parser' entering state 'start'
[03:43:26.897] [bmv2] [D] [thread 7284] [27.0] [cxt 0] Extracting header 'ethernet'
[03:43:26.897] [bmv2] [D] [thread 7284] [27.0] [cxt 0] Parser state 'start': key is 86dd
[03:43:26.897] [bmv2] [T] [thread 7284] [27.0] [cxt 0] Bytes parsed: 14
[03:43:26.897] [bmv2] [D] [thread 7284] [27.0] [cxt 0] Parser 'parser': end
[03:43:26.897] [bmv2] [D] [thread 7284] [27.0] [cxt 0] Pipeline 'ingress': start
[03:43:26.898] [bmv2] [T] [thread 7284] [27.0] [cxt 0] status_forward.p4(147) Condition "hdr.ipv4.isValid() && !hdr.status.isValid()" (node_2) is false
[03:43:26.898] [bmv2] [T] [thread 7284] [27.0] [cxt 0] status_forward.p4(152) Condition "hdr.status.isValid()" (node_4) is false
[03:43:26.898] [bmv2] [D] [thread 7284] [27.0] [cxt 0] Pipeline 'ingress': end
[03:43:26.898] [bmv2] [D] [thread 7284] [27.0] [cxt 0] Egress port is 0
[03:43:26.898] [bmv2] [D] [thread 7285] [27.0] [cxt 0] Pipeline 'egress': start
[03:43:26.898] [bmv2] [D] [thread 7285] [27.0] [cxt 0] Pipeline 'egress': end
[03:43:26.898] [bmv2] [D] [thread 7285] [27.0] [cxt 0] Deparser 'deparser': start
[03:43:26.898] [bmv2] [T] [thread 7285] [27.0] [cxt 0] Skipping checksum 'cksum' update because condition not met
[03:43:26.898] [bmv2] [D] [thread 7285] [27.0] [cxt 0] Deparsing header 'ethernet'
[03:43:26.898] [bmv2] [D] [thread 7285] [27.0] [cxt 0] Deparser 'deparser': end
[03:43:26.899] [bmv2] [D] [thread 7289] [27.0] [cxt 0] Transmitting packet of size 196 out of port 0
[03:43:26.919] [bmv2] [D] [thread 7284] [28.0] [cxt 0] Processing packet received on port 2
[03:43:26.919] [bmv2] [D] [thread 7284] [28.0] [cxt 0] Parser 'parser': start
[03:43:26.919] [bmv2] [D] [thread 7284] [28.0] [cxt 0] Parser 'parser' entering state 'start'
[03:43:26.919] [bmv2] [D] [thread 7284] [28.0] [cxt 0] Extracting header 'ethernet'
[03:43:26.919] [bmv2] [D] [thread 7284] [28.0] [cxt 0] Parser state 'start': key is 86dd
[03:43:26.919] [bmv2] [T] [thread 7284] [28.0] [cxt 0] Bytes parsed: 14
[03:43:26.919] [bmv2] [D] [thread 7284] [28.0] [cxt 0] Parser 'parser': end
[03:43:26.919] [bmv2] [D] [thread 7284] [28.0] [cxt 0] Pipeline 'ingress': start
[03:43:26.919] [bmv2] [T] [thread 7284] [28.0] [cxt 0] status_forward.p4(147) Condition "hdr.ipv4.isValid() && !hdr.status.isValid()" (node_2) is false
[03:43:26.919] [bmv2] [T] [thread 7284] [28.0] [cxt 0] status_forward.p4(152) Condition "hdr.status.isValid()" (node_4) is false
[03:43:26.919] [bmv2] [D] [thread 7284] [28.0] [cxt 0] Pipeline 'ingress': end
[03:43:26.919] [bmv2] [D] [thread 7284] [28.0] [cxt 0] Egress port is 0
[03:43:26.919] [bmv2] [D] [thread 7285] [28.0] [cxt 0] Pipeline 'egress': start
[03:43:26.919] [bmv2] [D] [thread 7285] [28.0] [cxt 0] Pipeline 'egress': end
[03:43:26.919] [bmv2] [D] [thread 7285] [28.0] [cxt 0] Deparser 'deparser': start
[03:43:26.919] [bmv2] [T] [thread 7285] [28.0] [cxt 0] Skipping checksum 'cksum' update because condition not met
[03:43:26.919] [bmv2] [D] [thread 7285] [28.0] [cxt 0] Deparsing header 'ethernet'
[03:43:26.919] [bmv2] [D] [thread 7285] [28.0] [cxt 0] Deparser 'deparser': end
[03:43:26.919] [bmv2] [D] [thread 7289] [28.0] [cxt 0] Transmitting packet of size 110 out of port 0
[03:43:26.990] [bmv2] [D] [thread 7284] [29.0] [cxt 0] Processing packet received on port 2
[03:43:26.990] [bmv2] [D] [thread 7284] [29.0] [cxt 0] Parser 'parser': start
[03:43:26.990] [bmv2] [D] [thread 7284] [29.0] [cxt 0] Parser 'parser' entering state 'start'
[03:43:26.990] [bmv2] [D] [thread 7284] [29.0] [cxt 0] Extracting header 'ethernet'
[03:43:26.990] [bmv2] [D] [thread 7284] [29.0] [cxt 0] Parser state 'start': key is 86dd
[03:43:26.990] [bmv2] [T] [thread 7284] [29.0] [cxt 0] Bytes parsed: 14
[03:43:26.990] [bmv2] [D] [thread 7284] [29.0] [cxt 0] Parser 'parser': end
[03:43:26.990] [bmv2] [D] [thread 7284] [29.0] [cxt 0] Pipeline 'ingress': start
[03:43:26.990] [bmv2] [T] [thread 7284] [29.0] [cxt 0] status_forward.p4(147) Condition "hdr.ipv4.isValid() && !hdr.status.isValid()" (node_2) is false
[03:43:26.990] [bmv2] [T] [thread 7284] [29.0] [cxt 0] status_forward.p4(152) Condition "hdr.status.isValid()" (node_4) is false
[03:43:26.990] [bmv2] [D] [thread 7284] [29.0] [cxt 0] Pipeline 'ingress': end
[03:43:26.990] [bmv2] [D] [thread 7284] [29.0] [cxt 0] Egress port is 0
[03:43:26.990] [bmv2] [D] [thread 7285] [29.0] [cxt 0] Pipeline 'egress': start
[03:43:26.990] [bmv2] [D] [thread 7285] [29.0] [cxt 0] Pipeline 'egress': end
[03:43:26.990] [bmv2] [D] [thread 7285] [29.0] [cxt 0] Deparser 'deparser': start
[03:43:26.990] [bmv2] [T] [thread 7285] [29.0] [cxt 0] Skipping checksum 'cksum' update because condition not met
[03:43:26.990] [bmv2] [D] [thread 7285] [29.0] [cxt 0] Deparsing header 'ethernet'
[03:43:26.990] [bmv2] [D] [thread 7285] [29.0] [cxt 0] Deparser 'deparser': end
[03:43:26.990] [bmv2] [D] [thread 7289] [29.0] [cxt 0] Transmitting packet of size 196 out of port 0
[03:43:27.234] [bmv2] [D] [thread 7284] [30.0] [cxt 0] Processing packet received on port 2
[03:43:27.234] [bmv2] [D] [thread 7284] [30.0] [cxt 0] Parser 'parser': start
[03:43:27.234] [bmv2] [D] [thread 7284] [30.0] [cxt 0] Parser 'parser' entering state 'start'
[03:43:27.234] [bmv2] [D] [thread 7284] [30.0] [cxt 0] Extracting header 'ethernet'
[03:43:27.234] [bmv2] [D] [thread 7284] [30.0] [cxt 0] Parser state 'start': key is 86dd
[03:43:27.234] [bmv2] [T] [thread 7284] [30.0] [cxt 0] Bytes parsed: 14
[03:43:27.234] [bmv2] [D] [thread 7284] [30.0] [cxt 0] Parser 'parser': end
[03:43:27.234] [bmv2] [D] [thread 7284] [30.0] [cxt 0] Pipeline 'ingress': start
[03:43:27.234] [bmv2] [T] [thread 7284] [30.0] [cxt 0] status_forward.p4(147) Condition "hdr.ipv4.isValid() && !hdr.status.isValid()" (node_2) is false
[03:43:27.234] [bmv2] [T] [thread 7284] [30.0] [cxt 0] status_forward.p4(152) Condition "hdr.status.isValid()" (node_4) is false
[03:43:27.234] [bmv2] [D] [thread 7284] [30.0] [cxt 0] Pipeline 'ingress': end
[03:43:27.234] [bmv2] [D] [thread 7284] [30.0] [cxt 0] Egress port is 0
[03:43:27.234] [bmv2] [D] [thread 7285] [30.0] [cxt 0] Pipeline 'egress': start
[03:43:27.234] [bmv2] [D] [thread 7285] [30.0] [cxt 0] Pipeline 'egress': end
[03:43:27.234] [bmv2] [D] [thread 7285] [30.0] [cxt 0] Deparser 'deparser': start
[03:43:27.234] [bmv2] [T] [thread 7285] [30.0] [cxt 0] Skipping checksum 'cksum' update because condition not met
[03:43:27.234] [bmv2] [D] [thread 7285] [30.0] [cxt 0] Deparsing header 'ethernet'
[03:43:27.234] [bmv2] [D] [thread 7285] [30.0] [cxt 0] Deparser 'deparser': end
[03:43:27.234] [bmv2] [D] [thread 7289] [30.0] [cxt 0] Transmitting packet of size 107 out of port 0
[03:43:27.533] [bmv2] [D] [thread 7284] [31.0] [cxt 0] Processing packet received on port 1
[03:43:27.533] [bmv2] [D] [thread 7284] [31.0] [cxt 0] Parser 'parser': start
[03:43:27.533] [bmv2] [D] [thread 7284] [31.0] [cxt 0] Parser 'parser' entering state 'start'
[03:43:27.533] [bmv2] [D] [thread 7284] [31.0] [cxt 0] Extracting header 'ethernet'
[03:43:27.533] [bmv2] [D] [thread 7284] [31.0] [cxt 0] Parser state 'start': key is 86dd
[03:43:27.533] [bmv2] [T] [thread 7284] [31.0] [cxt 0] Bytes parsed: 14
[03:43:27.533] [bmv2] [D] [thread 7284] [31.0] [cxt 0] Parser 'parser': end
[03:43:27.533] [bmv2] [D] [thread 7284] [31.0] [cxt 0] Pipeline 'ingress': start
[03:43:27.533] [bmv2] [T] [thread 7284] [31.0] [cxt 0] status_forward.p4(147) Condition "hdr.ipv4.isValid() && !hdr.status.isValid()" (node_2) is false
[03:43:27.533] [bmv2] [T] [thread 7284] [31.0] [cxt 0] status_forward.p4(152) Condition "hdr.status.isValid()" (node_4) is false
[03:43:27.533] [bmv2] [D] [thread 7284] [31.0] [cxt 0] Pipeline 'ingress': end
[03:43:27.533] [bmv2] [D] [thread 7284] [31.0] [cxt 0] Egress port is 0
[03:43:27.533] [bmv2] [D] [thread 7285] [31.0] [cxt 0] Pipeline 'egress': start
[03:43:27.533] [bmv2] [D] [thread 7285] [31.0] [cxt 0] Pipeline 'egress': end
[03:43:27.533] [bmv2] [D] [thread 7285] [31.0] [cxt 0] Deparser 'deparser': start
[03:43:27.533] [bmv2] [T] [thread 7285] [31.0] [cxt 0] Skipping checksum 'cksum' update because condition not met
[03:43:27.533] [bmv2] [D] [thread 7285] [31.0] [cxt 0] Deparsing header 'ethernet'
[03:43:27.533] [bmv2] [D] [thread 7285] [31.0] [cxt 0] Deparser 'deparser': end
[03:43:27.533] [bmv2] [D] [thread 7289] [31.0] [cxt 0] Transmitting packet of size 196 out of port 0
[03:43:27.582] [bmv2] [D] [thread 7284] [32.0] [cxt 0] Processing packet received on port 1
[03:43:27.582] [bmv2] [D] [thread 7284] [32.0] [cxt 0] Parser 'parser': start
[03:43:27.582] [bmv2] [D] [thread 7284] [32.0] [cxt 0] Parser 'parser' entering state 'start'
[03:43:27.582] [bmv2] [D] [thread 7284] [32.0] [cxt 0] Extracting header 'ethernet'
[03:43:27.582] [bmv2] [D] [thread 7284] [32.0] [cxt 0] Parser state 'start': key is 86dd
[03:43:27.582] [bmv2] [T] [thread 7284] [32.0] [cxt 0] Bytes parsed: 14
[03:43:27.582] [bmv2] [D] [thread 7284] [32.0] [cxt 0] Parser 'parser': end
[03:43:27.582] [bmv2] [D] [thread 7284] [32.0] [cxt 0] Pipeline 'ingress': start
[03:43:27.582] [bmv2] [T] [thread 7284] [32.0] [cxt 0] status_forward.p4(147) Condition "hdr.ipv4.isValid() && !hdr.status.isValid()" (node_2) is false
[03:43:27.582] [bmv2] [T] [thread 7284] [32.0] [cxt 0] status_forward.p4(152) Condition "hdr.status.isValid()" (node_4) is false
[03:43:27.582] [bmv2] [D] [thread 7284] [32.0] [cxt 0] Pipeline 'ingress': end
[03:43:27.582] [bmv2] [D] [thread 7284] [32.0] [cxt 0] Egress port is 0
[03:43:27.582] [bmv2] [D] [thread 7285] [32.0] [cxt 0] Pipeline 'egress': start
[03:43:27.582] [bmv2] [D] [thread 7285] [32.0] [cxt 0] Pipeline 'egress': end
[03:43:27.582] [bmv2] [D] [thread 7285] [32.0] [cxt 0] Deparser 'deparser': start
[03:43:27.582] [bmv2] [T] [thread 7285] [32.0] [cxt 0] Skipping checksum 'cksum' update because condition not met
[03:43:27.582] [bmv2] [D] [thread 7285] [32.0] [cxt 0] Deparsing header 'ethernet'
[03:43:27.582] [bmv2] [D] [thread 7285] [32.0] [cxt 0] Deparser 'deparser': end
[03:43:27.582] [bmv2] [D] [thread 7289] [32.0] [cxt 0] Transmitting packet of size 196 out of port 0
[03:43:27.908] [bmv2] [D] [thread 7284] [33.0] [cxt 0] Processing packet received on port 2
[03:43:27.908] [bmv2] [D] [thread 7284] [33.0] [cxt 0] Parser 'parser': start
[03:43:27.908] [bmv2] [D] [thread 7284] [33.0] [cxt 0] Parser 'parser' entering state 'start'
[03:43:27.908] [bmv2] [D] [thread 7284] [33.0] [cxt 0] Extracting header 'ethernet'
[03:43:27.909] [bmv2] [D] [thread 7284] [33.0] [cxt 0] Parser state 'start': key is 86dd
[03:43:27.909] [bmv2] [T] [thread 7284] [33.0] [cxt 0] Bytes parsed: 14
[03:43:27.909] [bmv2] [D] [thread 7284] [33.0] [cxt 0] Parser 'parser': end
[03:43:27.909] [bmv2] [D] [thread 7284] [33.0] [cxt 0] Pipeline 'ingress': start
[03:43:27.909] [bmv2] [T] [thread 7284] [33.0] [cxt 0] status_forward.p4(147) Condition "hdr.ipv4.isValid() && !hdr.status.isValid()" (node_2) is false
[03:43:27.909] [bmv2] [T] [thread 7284] [33.0] [cxt 0] status_forward.p4(152) Condition "hdr.status.isValid()" (node_4) is false
[03:43:27.909] [bmv2] [D] [thread 7284] [33.0] [cxt 0] Pipeline 'ingress': end
[03:43:27.909] [bmv2] [D] [thread 7284] [33.0] [cxt 0] Egress port is 0
[03:43:27.909] [bmv2] [D] [thread 7285] [33.0] [cxt 0] Pipeline 'egress': start
[03:43:27.909] [bmv2] [D] [thread 7285] [33.0] [cxt 0] Pipeline 'egress': end
[03:43:27.909] [bmv2] [D] [thread 7285] [33.0] [cxt 0] Deparser 'deparser': start
[03:43:27.909] [bmv2] [T] [thread 7285] [33.0] [cxt 0] Skipping checksum 'cksum' update because condition not met
[03:43:27.909] [bmv2] [D] [thread 7285] [33.0] [cxt 0] Deparsing header 'ethernet'
[03:43:27.909] [bmv2] [D] [thread 7285] [33.0] [cxt 0] Deparser 'deparser': end
[03:43:27.909] [bmv2] [D] [thread 7289] [33.0] [cxt 0] Transmitting packet of size 196 out of port 0
[03:43:28.001] [bmv2] [D] [thread 7284] [34.0] [cxt 0] Processing packet received on port 2
[03:43:28.001] [bmv2] [D] [thread 7284] [34.0] [cxt 0] Parser 'parser': start
[03:43:28.001] [bmv2] [D] [thread 7284] [34.0] [cxt 0] Parser 'parser' entering state 'start'
[03:43:28.001] [bmv2] [D] [thread 7284] [34.0] [cxt 0] Extracting header 'ethernet'
[03:43:28.001] [bmv2] [D] [thread 7284] [34.0] [cxt 0] Parser state 'start': key is 86dd
[03:43:28.001] [bmv2] [T] [thread 7284] [34.0] [cxt 0] Bytes parsed: 14
[03:43:28.001] [bmv2] [D] [thread 7284] [34.0] [cxt 0] Parser 'parser': end
[03:43:28.001] [bmv2] [D] [thread 7284] [34.0] [cxt 0] Pipeline 'ingress': start
[03:43:28.001] [bmv2] [T] [thread 7284] [34.0] [cxt 0] status_forward.p4(147) Condition "hdr.ipv4.isValid() && !hdr.status.isValid()" (node_2) is false
[03:43:28.001] [bmv2] [T] [thread 7284] [34.0] [cxt 0] status_forward.p4(152) Condition "hdr.status.isValid()" (node_4) is false
[03:43:28.001] [bmv2] [D] [thread 7284] [34.0] [cxt 0] Pipeline 'ingress': end
[03:43:28.001] [bmv2] [D] [thread 7284] [34.0] [cxt 0] Egress port is 0
[03:43:28.001] [bmv2] [D] [thread 7285] [34.0] [cxt 0] Pipeline 'egress': start
[03:43:28.001] [bmv2] [D] [thread 7285] [34.0] [cxt 0] Pipeline 'egress': end
[03:43:28.001] [bmv2] [D] [thread 7285] [34.0] [cxt 0] Deparser 'deparser': start
[03:43:28.001] [bmv2] [T] [thread 7285] [34.0] [cxt 0] Skipping checksum 'cksum' update because condition not met
[03:43:28.001] [bmv2] [D] [thread 7285] [34.0] [cxt 0] Deparsing header 'ethernet'
[03:43:28.001] [bmv2] [D] [thread 7285] [34.0] [cxt 0] Deparser 'deparser': end
[03:43:28.001] [bmv2] [D] [thread 7289] [34.0] [cxt 0] Transmitting packet of size 196 out of port 0
[03:43:28.853] [bmv2] [D] [thread 7284] [35.0] [cxt 0] Processing packet received on port 1
[03:43:28.853] [bmv2] [D] [thread 7284] [35.0] [cxt 0] Parser 'parser': start
[03:43:28.853] [bmv2] [D] [thread 7284] [35.0] [cxt 0] Parser 'parser' entering state 'start'
[03:43:28.853] [bmv2] [D] [thread 7284] [35.0] [cxt 0] Extracting header 'ethernet'
[03:43:28.853] [bmv2] [D] [thread 7284] [35.0] [cxt 0] Parser state 'start': key is 86dd
[03:43:28.853] [bmv2] [T] [thread 7284] [35.0] [cxt 0] Bytes parsed: 14
[03:43:28.853] [bmv2] [D] [thread 7284] [35.0] [cxt 0] Parser 'parser': end
[03:43:28.853] [bmv2] [D] [thread 7284] [35.0] [cxt 0] Pipeline 'ingress': start
[03:43:28.853] [bmv2] [T] [thread 7284] [35.0] [cxt 0] status_forward.p4(147) Condition "hdr.ipv4.isValid() && !hdr.status.isValid()" (node_2) is false
[03:43:28.853] [bmv2] [T] [thread 7284] [35.0] [cxt 0] status_forward.p4(152) Condition "hdr.status.isValid()" (node_4) is false
[03:43:28.853] [bmv2] [D] [thread 7284] [35.0] [cxt 0] Pipeline 'ingress': end
[03:43:28.853] [bmv2] [D] [thread 7284] [35.0] [cxt 0] Egress port is 0
[03:43:28.853] [bmv2] [D] [thread 7285] [35.0] [cxt 0] Pipeline 'egress': start
[03:43:28.853] [bmv2] [D] [thread 7285] [35.0] [cxt 0] Pipeline 'egress': end
[03:43:28.853] [bmv2] [D] [thread 7285] [35.0] [cxt 0] Deparser 'deparser': start
[03:43:28.853] [bmv2] [T] [thread 7285] [35.0] [cxt 0] Skipping checksum 'cksum' update because condition not met
[03:43:28.853] [bmv2] [D] [thread 7285] [35.0] [cxt 0] Deparsing header 'ethernet'
[03:43:28.853] [bmv2] [D] [thread 7285] [35.0] [cxt 0] Deparser 'deparser': end
[03:43:28.853] [bmv2] [D] [thread 7289] [35.0] [cxt 0] Transmitting packet of size 107 out of port 0
New connection
P4Runtime SetForwardingPipelineConfig
[03:43:29.123] [bmv2] [W] [thread 7347] [P4Runtime] p4::tmp::P4DeviceConfig is deprecated
[03:43:29.125] [bmv2] [D] [thread 7347] Set default default entry for table 'MyIngress.path_forward': MyIngress.drop - 
[03:43:29.125] [bmv2] [D] [thread 7347] Set default default entry for table 'MyIngress.status_exact': MyIngress.drop - 
P4Runtime Write
device_id: 2
election_id {
  low: 1
}
updates {
  type: INSERT
  entity {
    table_entry {
      table_id: 33578490
      match {
        field_id: 1
        lpm {
          value: "\n\000\002\002"
          prefix_len: 32
        }
      }
      action {
        action {
          action_id: 16799317
          params {
            param_id: 1
            value: "\010\000\000\000\004D"
          }
          params {
            param_id: 2
            value: "\000\002"
          }
        }
      }
    }
  }
}
[03:43:29.131] [bmv2] [D] [thread 7347] Entry 0 added to table 'MyIngress.path_forward'
[03:43:29.131] [bmv2] [D] [thread 7347] Dumping entry 0
Match key:
* hdr.ipv4.dstAddr    : LPM       0a000202/32
Action entry: MyIngress.ipv4_forward - 80000000444,2,

P4Runtime Write
device_id: 2
election_id {
  low: 1
}
updates {
  type: INSERT
  entity {
    table_entry {
      table_id: 33578490
      match {
        field_id: 1
        lpm {
          value: "\n\000\002\002"
          prefix_len: 32
        }
      }
      action {
        action {
          action_id: 16799317
          params {
            param_id: 1
            value: "\010\000\000\000\002\""
          }
          params {
            param_id: 2
            value: "\000\001"
          }
        }
      }
    }
  }
}
[03:43:29.133] [bmv2] [E] [thread 7347] [P4Runtime] Match entry exists, use MODIFY if you wish to change action
