Calling target program-options parser
[03:43:26.998] [bmv2] [D] [thread 7305] Set default default entry for table 'MyIngress.path_forward': MyIngress.drop - 
[03:43:26.998] [bmv2] [D] [thread 7305] Set default default entry for table 'MyIngress.status_exact': MyIngress.drop - 
Adding interface s5-eth1 as port 1
[03:43:26.999] [bmv2] [D] [thread 7305] Adding interface s5-eth1 as port 1
Adding interface s5-eth2 as port 2
[03:43:27.002] [bmv2] [D] [thread 7305] Adding interface s5-eth2 as port 2
Adding interface s5-eth3 as port 3
[03:43:27.004] [bmv2] [D] [thread 7305] Adding interface s5-eth3 as port 3
I0502 03:43:27.005943239    7305 server_builder.cc:247]      Synchronous server. Num CQs: 1, Min pollers: 1, Max Pollers: 2147483647, CQ timeout (msec): 1000
Server listening on 0.0.0.0:50055
[03:43:27.008] [bmv2] [I] [thread 7305] Starting Thrift server on port 9094
[03:43:27.008] [bmv2] [I] [thread 7305] Thrift server was started
[03:43:27.023] [bmv2] [D] [thread 7312] [0.0] [cxt 0] Processing packet received on port 2
[03:43:27.023] [bmv2] [D] [thread 7312] [0.0] [cxt 0] Parser 'parser': start
[03:43:27.023] [bmv2] [D] [thread 7312] [0.0] [cxt 0] Parser 'parser' entering state 'start'
[03:43:27.023] [bmv2] [D] [thread 7312] [0.0] [cxt 0] Extracting header 'ethernet'
[03:43:27.023] [bmv2] [D] [thread 7312] [0.0] [cxt 0] Parser state 'start': key is 86dd
[03:43:27.023] [bmv2] [T] [thread 7312] [0.0] [cxt 0] Bytes parsed: 14
[03:43:27.023] [bmv2] [D] [thread 7312] [0.0] [cxt 0] Parser 'parser': end
[03:43:27.023] [bmv2] [D] [thread 7312] [0.0] [cxt 0] Pipeline 'ingress': start
[03:43:27.023] [bmv2] [T] [thread 7312] [0.0] [cxt 0] status_forward.p4(147) Condition "hdr.ipv4.isValid() && !hdr.status.isValid()" (node_2) is false
[03:43:27.023] [bmv2] [T] [thread 7312] [0.0] [cxt 0] status_forward.p4(152) Condition "hdr.status.isValid()" (node_4) is false
[03:43:27.023] [bmv2] [D] [thread 7312] [0.0] [cxt 0] Pipeline 'ingress': end
[03:43:27.023] [bmv2] [D] [thread 7312] [0.0] [cxt 0] Egress port is 0
[03:43:27.023] [bmv2] [D] [thread 7313] [0.0] [cxt 0] Pipeline 'egress': start
[03:43:27.023] [bmv2] [D] [thread 7313] [0.0] [cxt 0] Pipeline 'egress': end
[03:43:27.023] [bmv2] [D] [thread 7313] [0.0] [cxt 0] Deparser 'deparser': start
[03:43:27.023] [bmv2] [T] [thread 7313] [0.0] [cxt 0] Skipping checksum 'cksum' update because condition not met
[03:43:27.023] [bmv2] [D] [thread 7313] [0.0] [cxt 0] Deparsing header 'ethernet'
[03:43:27.023] [bmv2] [D] [thread 7313] [0.0] [cxt 0] Deparser 'deparser': end
[03:43:27.023] [bmv2] [D] [thread 7317] [0.0] [cxt 0] Transmitting packet of size 196 out of port 0
[03:43:27.033] [bmv2] [D] [thread 7312] [1.0] [cxt 0] Processing packet received on port 1
[03:43:27.033] [bmv2] [D] [thread 7312] [1.0] [cxt 0] Parser 'parser': start
[03:43:27.033] [bmv2] [D] [thread 7312] [1.0] [cxt 0] Parser 'parser' entering state 'start'
[03:43:27.033] [bmv2] [D] [thread 7312] [1.0] [cxt 0] Extracting header 'ethernet'
[03:43:27.033] [bmv2] [D] [thread 7312] [1.0] [cxt 0] Parser state 'start': key is 86dd
[03:43:27.033] [bmv2] [T] [thread 7312] [1.0] [cxt 0] Bytes parsed: 14
[03:43:27.033] [bmv2] [D] [thread 7312] [1.0] [cxt 0] Parser 'parser': end
[03:43:27.033] [bmv2] [D] [thread 7312] [1.0] [cxt 0] Pipeline 'ingress': start
[03:43:27.033] [bmv2] [T] [thread 7312] [1.0] [cxt 0] status_forward.p4(147) Condition "hdr.ipv4.isValid() && !hdr.status.isValid()" (node_2) is false
[03:43:27.033] [bmv2] [T] [thread 7312] [1.0] [cxt 0] status_forward.p4(152) Condition "hdr.status.isValid()" (node_4) is false
[03:43:27.033] [bmv2] [D] [thread 7312] [1.0] [cxt 0] Pipeline 'ingress': end
[03:43:27.033] [bmv2] [D] [thread 7312] [1.0] [cxt 0] Egress port is 0
[03:43:27.033] [bmv2] [D] [thread 7312] [2.0] [cxt 0] Processing packet received on port 1
[03:43:27.033] [bmv2] [D] [thread 7312] [2.0] [cxt 0] Parser 'parser': start
[03:43:27.033] [bmv2] [D] [thread 7312] [2.0] [cxt 0] Parser 'parser' entering state 'start'
[03:43:27.033] [bmv2] [D] [thread 7312] [2.0] [cxt 0] Extracting header 'ethernet'
[03:43:27.033] [bmv2] [D] [thread 7312] [2.0] [cxt 0] Parser state 'start': key is 86dd
[03:43:27.033] [bmv2] [T] [thread 7312] [2.0] [cxt 0] Bytes parsed: 14
[03:43:27.033] [bmv2] [D] [thread 7312] [2.0] [cxt 0] Parser 'parser': end
[03:43:27.033] [bmv2] [D] [thread 7312] [2.0] [cxt 0] Pipeline 'ingress': start
[03:43:27.033] [bmv2] [T] [thread 7312] [2.0] [cxt 0] status_forward.p4(147) Condition "hdr.ipv4.isValid() && !hdr.status.isValid()" (node_2) is false
[03:43:27.033] [bmv2] [T] [thread 7312] [2.0] [cxt 0] status_forward.p4(152) Condition "hdr.status.isValid()" (node_4) is false
[03:43:27.033] [bmv2] [D] [thread 7312] [2.0] [cxt 0] Pipeline 'ingress': end
[03:43:27.033] [bmv2] [D] [thread 7312] [2.0] [cxt 0] Egress port is 0
[03:43:27.033] [bmv2] [D] [thread 7313] [1.0] [cxt 0] Pipeline 'egress': start
[03:43:27.033] [bmv2] [D] [thread 7313] [1.0] [cxt 0] Pipeline 'egress': end
[03:43:27.033] [bmv2] [D] [thread 7313] [1.0] [cxt 0] Deparser 'deparser': start
[03:43:27.033] [bmv2] [T] [thread 7313] [1.0] [cxt 0] Skipping checksum 'cksum' update because condition not met
[03:43:27.033] [bmv2] [D] [thread 7313] [1.0] [cxt 0] Deparsing header 'ethernet'
[03:43:27.033] [bmv2] [D] [thread 7313] [1.0] [cxt 0] Deparser 'deparser': end
[03:43:27.033] [bmv2] [D] [thread 7313] [2.0] [cxt 0] Pipeline 'egress': start
[03:43:27.033] [bmv2] [D] [thread 7313] [2.0] [cxt 0] Pipeline 'egress': end
[03:43:27.033] [bmv2] [D] [thread 7313] [2.0] [cxt 0] Deparser 'deparser': start
[03:43:27.033] [bmv2] [T] [thread 7313] [2.0] [cxt 0] Skipping checksum 'cksum' update because condition not met
[03:43:27.033] [bmv2] [D] [thread 7313] [2.0] [cxt 0] Deparsing header 'ethernet'
[03:43:27.033] [bmv2] [D] [thread 7313] [2.0] [cxt 0] Deparser 'deparser': end
[03:43:27.033] [bmv2] [D] [thread 7317] [1.0] [cxt 0] Transmitting packet of size 208 out of port 0
[03:43:27.033] [bmv2] [D] [thread 7317] [2.0] [cxt 0] Transmitting packet of size 110 out of port 0
[03:43:27.135] [bmv2] [D] [thread 7312] [3.0] [cxt 0] Processing packet received on port 3
[03:43:27.135] [bmv2] [D] [thread 7312] [3.0] [cxt 0] Parser 'parser': start
[03:43:27.135] [bmv2] [D] [thread 7312] [3.0] [cxt 0] Parser 'parser' entering state 'start'
[03:43:27.135] [bmv2] [D] [thread 7312] [3.0] [cxt 0] Extracting header 'ethernet'
[03:43:27.135] [bmv2] [D] [thread 7312] [3.0] [cxt 0] Parser state 'start': key is 86dd
[03:43:27.135] [bmv2] [T] [thread 7312] [3.0] [cxt 0] Bytes parsed: 14
[03:43:27.135] [bmv2] [D] [thread 7312] [3.0] [cxt 0] Parser 'parser': end
[03:43:27.135] [bmv2] [D] [thread 7312] [3.0] [cxt 0] Pipeline 'ingress': start
[03:43:27.135] [bmv2] [T] [thread 7312] [3.0] [cxt 0] status_forward.p4(147) Condition "hdr.ipv4.isValid() && !hdr.status.isValid()" (node_2) is false
[03:43:27.135] [bmv2] [T] [thread 7312] [3.0] [cxt 0] status_forward.p4(152) Condition "hdr.status.isValid()" (node_4) is false
[03:43:27.135] [bmv2] [D] [thread 7312] [3.0] [cxt 0] Pipeline 'ingress': end
[03:43:27.135] [bmv2] [D] [thread 7312] [3.0] [cxt 0] Egress port is 0
[03:43:27.135] [bmv2] [D] [thread 7313] [3.0] [cxt 0] Pipeline 'egress': start
[03:43:27.135] [bmv2] [D] [thread 7313] [3.0] [cxt 0] Pipeline 'egress': end
[03:43:27.135] [bmv2] [D] [thread 7313] [3.0] [cxt 0] Deparser 'deparser': start
[03:43:27.135] [bmv2] [T] [thread 7313] [3.0] [cxt 0] Skipping checksum 'cksum' update because condition not met
[03:43:27.135] [bmv2] [D] [thread 7313] [3.0] [cxt 0] Deparsing header 'ethernet'
[03:43:27.135] [bmv2] [D] [thread 7313] [3.0] [cxt 0] Deparser 'deparser': end
[03:43:27.135] [bmv2] [D] [thread 7317] [3.0] [cxt 0] Transmitting packet of size 208 out of port 0
[03:43:27.152] [bmv2] [D] [thread 7312] [4.0] [cxt 0] Processing packet received on port 3
[03:43:27.152] [bmv2] [D] [thread 7312] [4.0] [cxt 0] Parser 'parser': start
[03:43:27.152] [bmv2] [D] [thread 7312] [4.0] [cxt 0] Parser 'parser' entering state 'start'
[03:43:27.152] [bmv2] [D] [thread 7312] [4.0] [cxt 0] Extracting header 'ethernet'
[03:43:27.152] [bmv2] [D] [thread 7312] [4.0] [cxt 0] Parser state 'start': key is 86dd
[03:43:27.152] [bmv2] [T] [thread 7312] [4.0] [cxt 0] Bytes parsed: 14
[03:43:27.152] [bmv2] [D] [thread 7312] [4.0] [cxt 0] Parser 'parser': end
[03:43:27.152] [bmv2] [D] [thread 7312] [4.0] [cxt 0] Pipeline 'ingress': start
[03:43:27.152] [bmv2] [T] [thread 7312] [4.0] [cxt 0] status_forward.p4(147) Condition "hdr.ipv4.isValid() && !hdr.status.isValid()" (node_2) is false
[03:43:27.152] [bmv2] [T] [thread 7312] [4.0] [cxt 0] status_forward.p4(152) Condition "hdr.status.isValid()" (node_4) is false
[03:43:27.152] [bmv2] [D] [thread 7312] [4.0] [cxt 0] Pipeline 'ingress': end
[03:43:27.152] [bmv2] [D] [thread 7312] [4.0] [cxt 0] Egress port is 0
[03:43:27.152] [bmv2] [D] [thread 7313] [4.0] [cxt 0] Pipeline 'egress': start
[03:43:27.153] [bmv2] [D] [thread 7313] [4.0] [cxt 0] Pipeline 'egress': end
[03:43:27.153] [bmv2] [D] [thread 7313] [4.0] [cxt 0] Deparser 'deparser': start
[03:43:27.153] [bmv2] [T] [thread 7313] [4.0] [cxt 0] Skipping checksum 'cksum' update because condition not met
[03:43:27.153] [bmv2] [D] [thread 7313] [4.0] [cxt 0] Deparsing header 'ethernet'
[03:43:27.153] [bmv2] [D] [thread 7313] [4.0] [cxt 0] Deparser 'deparser': end
[03:43:27.153] [bmv2] [D] [thread 7317] [4.0] [cxt 0] Transmitting packet of size 196 out of port 0
[03:43:27.170] [bmv2] [D] [thread 7312] [5.0] [cxt 0] Processing packet received on port 2
[03:43:27.170] [bmv2] [D] [thread 7312] [5.0] [cxt 0] Parser 'parser': start
[03:43:27.170] [bmv2] [D] [thread 7312] [5.0] [cxt 0] Parser 'parser' entering state 'start'
[03:43:27.170] [bmv2] [D] [thread 7312] [5.0] [cxt 0] Extracting header 'ethernet'
[03:43:27.170] [bmv2] [D] [thread 7312] [5.0] [cxt 0] Parser state 'start': key is 86dd
[03:43:27.170] [bmv2] [T] [thread 7312] [5.0] [cxt 0] Bytes parsed: 14
[03:43:27.170] [bmv2] [D] [thread 7312] [5.0] [cxt 0] Parser 'parser': end
[03:43:27.170] [bmv2] [D] [thread 7312] [5.0] [cxt 0] Pipeline 'ingress': start
[03:43:27.170] [bmv2] [T] [thread 7312] [5.0] [cxt 0] status_forward.p4(147) Condition "hdr.ipv4.isValid() && !hdr.status.isValid()" (node_2) is false
[03:43:27.170] [bmv2] [T] [thread 7312] [5.0] [cxt 0] status_forward.p4(152) Condition "hdr.status.isValid()" (node_4) is false
[03:43:27.170] [bmv2] [D] [thread 7312] [5.0] [cxt 0] Pipeline 'ingress': end
[03:43:27.170] [bmv2] [D] [thread 7312] [5.0] [cxt 0] Egress port is 0
[03:43:27.170] [bmv2] [D] [thread 7313] [5.0] [cxt 0] Pipeline 'egress': start
[03:43:27.171] [bmv2] [D] [thread 7313] [5.0] [cxt 0] Pipeline 'egress': end
[03:43:27.171] [bmv2] [D] [thread 7313] [5.0] [cxt 0] Deparser 'deparser': start
[03:43:27.171] [bmv2] [T] [thread 7313] [5.0] [cxt 0] Skipping checksum 'cksum' update because condition not met
[03:43:27.171] [bmv2] [D] [thread 7313] [5.0] [cxt 0] Deparsing header 'ethernet'
[03:43:27.171] [bmv2] [D] [thread 7313] [5.0] [cxt 0] Deparser 'deparser': end
[03:43:27.171] [bmv2] [D] [thread 7317] [5.0] [cxt 0] Transmitting packet of size 208 out of port 0
[03:43:27.186] [bmv2] [D] [thread 7312] [6.0] [cxt 0] Processing packet received on port 2
[03:43:27.186] [bmv2] [D] [thread 7312] [6.0] [cxt 0] Parser 'parser': start
[03:43:27.186] [bmv2] [D] [thread 7312] [6.0] [cxt 0] Parser 'parser' entering state 'start'
[03:43:27.186] [bmv2] [D] [thread 7312] [6.0] [cxt 0] Extracting header 'ethernet'
[03:43:27.186] [bmv2] [D] [thread 7312] [6.0] [cxt 0] Parser state 'start': key is 86dd
[03:43:27.186] [bmv2] [T] [thread 7312] [6.0] [cxt 0] Bytes parsed: 14
[03:43:27.186] [bmv2] [D] [thread 7312] [6.0] [cxt 0] Parser 'parser': end
[03:43:27.186] [bmv2] [D] [thread 7312] [6.0] [cxt 0] Pipeline 'ingress': start
[03:43:27.186] [bmv2] [T] [thread 7312] [6.0] [cxt 0] status_forward.p4(147) Condition "hdr.ipv4.isValid() && !hdr.status.isValid()" (node_2) is false
[03:43:27.186] [bmv2] [T] [thread 7312] [6.0] [cxt 0] status_forward.p4(152) Condition "hdr.status.isValid()" (node_4) is false
[03:43:27.186] [bmv2] [D] [thread 7312] [6.0] [cxt 0] Pipeline 'ingress': end
[03:43:27.186] [bmv2] [D] [thread 7312] [6.0] [cxt 0] Egress port is 0
[03:43:27.187] [bmv2] [D] [thread 7313] [6.0] [cxt 0] Pipeline 'egress': start
[03:43:27.187] [bmv2] [D] [thread 7313] [6.0] [cxt 0] Pipeline 'egress': end
[03:43:27.187] [bmv2] [D] [thread 7313] [6.0] [cxt 0] Deparser 'deparser': start
[03:43:27.187] [bmv2] [T] [thread 7313] [6.0] [cxt 0] Skipping checksum 'cksum' update because condition not met
[03:43:27.187] [bmv2] [D] [thread 7313] [6.0] [cxt 0] Deparsing header 'ethernet'
[03:43:27.187] [bmv2] [D] [thread 7313] [6.0] [cxt 0] Deparser 'deparser': end
[03:43:27.187] [bmv2] [D] [thread 7317] [6.0] [cxt 0] Transmitting packet of size 110 out of port 0
[03:43:27.222] [bmv2] [D] [thread 7312] [7.0] [cxt 0] Processing packet received on port 2
[03:43:27.222] [bmv2] [D] [thread 7312] [7.0] [cxt 0] Parser 'parser': start
[03:43:27.222] [bmv2] [D] [thread 7312] [7.0] [cxt 0] Parser 'parser' entering state 'start'
[03:43:27.222] [bmv2] [D] [thread 7312] [7.0] [cxt 0] Extracting header 'ethernet'
[03:43:27.222] [bmv2] [D] [thread 7312] [7.0] [cxt 0] Parser state 'start': key is 86dd
[03:43:27.222] [bmv2] [T] [thread 7312] [7.0] [cxt 0] Bytes parsed: 14
[03:43:27.222] [bmv2] [D] [thread 7312] [7.0] [cxt 0] Parser 'parser': end
[03:43:27.222] [bmv2] [D] [thread 7312] [7.0] [cxt 0] Pipeline 'ingress': start
[03:43:27.222] [bmv2] [T] [thread 7312] [7.0] [cxt 0] status_forward.p4(147) Condition "hdr.ipv4.isValid() && !hdr.status.isValid()" (node_2) is false
[03:43:27.222] [bmv2] [T] [thread 7312] [7.0] [cxt 0] status_forward.p4(152) Condition "hdr.status.isValid()" (node_4) is false
[03:43:27.222] [bmv2] [D] [thread 7312] [7.0] [cxt 0] Pipeline 'ingress': end
[03:43:27.222] [bmv2] [D] [thread 7312] [7.0] [cxt 0] Egress port is 0
[03:43:27.223] [bmv2] [D] [thread 7313] [7.0] [cxt 0] Pipeline 'egress': start
[03:43:27.223] [bmv2] [D] [thread 7313] [7.0] [cxt 0] Pipeline 'egress': end
[03:43:27.223] [bmv2] [D] [thread 7313] [7.0] [cxt 0] Deparser 'deparser': start
[03:43:27.223] [bmv2] [T] [thread 7313] [7.0] [cxt 0] Skipping checksum 'cksum' update because condition not met
[03:43:27.223] [bmv2] [D] [thread 7313] [7.0] [cxt 0] Deparsing header 'ethernet'
[03:43:27.223] [bmv2] [D] [thread 7313] [7.0] [cxt 0] Deparser 'deparser': end
[03:43:27.223] [bmv2] [D] [thread 7317] [7.0] [cxt 0] Transmitting packet of size 90 out of port 0
[03:43:27.236] [bmv2] [D] [thread 7312] [8.0] [cxt 0] Processing packet received on port 1
[03:43:27.236] [bmv2] [D] [thread 7312] [8.0] [cxt 0] Parser 'parser': start
[03:43:27.236] [bmv2] [D] [thread 7312] [8.0] [cxt 0] Parser 'parser' entering state 'start'
[03:43:27.236] [bmv2] [D] [thread 7312] [8.0] [cxt 0] Extracting header 'ethernet'
[03:43:27.236] [bmv2] [D] [thread 7312] [8.0] [cxt 0] Parser state 'start': key is 86dd
[03:43:27.236] [bmv2] [T] [thread 7312] [8.0] [cxt 0] Bytes parsed: 14
[03:43:27.236] [bmv2] [D] [thread 7312] [8.0] [cxt 0] Parser 'parser': end
[03:43:27.236] [bmv2] [D] [thread 7312] [8.0] [cxt 0] Pipeline 'ingress': start
[03:43:27.236] [bmv2] [T] [thread 7312] [8.0] [cxt 0] status_forward.p4(147) Condition "hdr.ipv4.isValid() && !hdr.status.isValid()" (node_2) is false
[03:43:27.236] [bmv2] [T] [thread 7312] [8.0] [cxt 0] status_forward.p4(152) Condition "hdr.status.isValid()" (node_4) is false
[03:43:27.236] [bmv2] [D] [thread 7312] [8.0] [cxt 0] Pipeline 'ingress': end
[03:43:27.236] [bmv2] [D] [thread 7312] [8.0] [cxt 0] Egress port is 0
[03:43:27.237] [bmv2] [D] [thread 7313] [8.0] [cxt 0] Pipeline 'egress': start
[03:43:27.237] [bmv2] [D] [thread 7313] [8.0] [cxt 0] Pipeline 'egress': end
[03:43:27.237] [bmv2] [D] [thread 7313] [8.0] [cxt 0] Deparser 'deparser': start
[03:43:27.237] [bmv2] [T] [thread 7313] [8.0] [cxt 0] Skipping checksum 'cksum' update because condition not met
[03:43:27.237] [bmv2] [D] [thread 7313] [8.0] [cxt 0] Deparsing header 'ethernet'
[03:43:27.237] [bmv2] [D] [thread 7313] [8.0] [cxt 0] Deparser 'deparser': end
[03:43:27.237] [bmv2] [D] [thread 7317] [8.0] [cxt 0] Transmitting packet of size 196 out of port 0
[03:43:27.255] [bmv2] [D] [thread 7312] [9.0] [cxt 0] Processing packet received on port 1
[03:43:27.255] [bmv2] [D] [thread 7312] [9.0] [cxt 0] Parser 'parser': start
[03:43:27.255] [bmv2] [D] [thread 7312] [9.0] [cxt 0] Parser 'parser' entering state 'start'
[03:43:27.255] [bmv2] [D] [thread 7312] [9.0] [cxt 0] Extracting header 'ethernet'
[03:43:27.255] [bmv2] [D] [thread 7312] [9.0] [cxt 0] Parser state 'start': key is 86dd
[03:43:27.255] [bmv2] [T] [thread 7312] [9.0] [cxt 0] Bytes parsed: 14
[03:43:27.255] [bmv2] [D] [thread 7312] [9.0] [cxt 0] Parser 'parser': end
[03:43:27.255] [bmv2] [D] [thread 7312] [9.0] [cxt 0] Pipeline 'ingress': start
[03:43:27.255] [bmv2] [T] [thread 7312] [9.0] [cxt 0] status_forward.p4(147) Condition "hdr.ipv4.isValid() && !hdr.status.isValid()" (node_2) is false
[03:43:27.255] [bmv2] [T] [thread 7312] [9.0] [cxt 0] status_forward.p4(152) Condition "hdr.status.isValid()" (node_4) is false
[03:43:27.255] [bmv2] [D] [thread 7312] [9.0] [cxt 0] Pipeline 'ingress': end
[03:43:27.255] [bmv2] [D] [thread 7312] [9.0] [cxt 0] Egress port is 0
[03:43:27.256] [bmv2] [D] [thread 7313] [9.0] [cxt 0] Pipeline 'egress': start
[03:43:27.256] [bmv2] [D] [thread 7313] [9.0] [cxt 0] Pipeline 'egress': end
[03:43:27.256] [bmv2] [D] [thread 7313] [9.0] [cxt 0] Deparser 'deparser': start
[03:43:27.256] [bmv2] [T] [thread 7313] [9.0] [cxt 0] Skipping checksum 'cksum' update because condition not met
[03:43:27.256] [bmv2] [D] [thread 7313] [9.0] [cxt 0] Deparsing header 'ethernet'
[03:43:27.256] [bmv2] [D] [thread 7313] [9.0] [cxt 0] Deparser 'deparser': end
[03:43:27.256] [bmv2] [D] [thread 7317] [9.0] [cxt 0] Transmitting packet of size 90 out of port 0
[03:43:27.335] [bmv2] [D] [thread 7312] [10.0] [cxt 0] Processing packet received on port 3
[03:43:27.335] [bmv2] [D] [thread 7312] [10.0] [cxt 0] Parser 'parser': start
[03:43:27.335] [bmv2] [D] [thread 7312] [10.0] [cxt 0] Parser 'parser' entering state 'start'
[03:43:27.335] [bmv2] [D] [thread 7312] [10.0] [cxt 0] Extracting header 'ethernet'
[03:43:27.335] [bmv2] [D] [thread 7312] [10.0] [cxt 0] Parser state 'start': key is 86dd
[03:43:27.335] [bmv2] [T] [thread 7312] [10.0] [cxt 0] Bytes parsed: 14
[03:43:27.335] [bmv2] [D] [thread 7312] [10.0] [cxt 0] Parser 'parser': end
[03:43:27.335] [bmv2] [D] [thread 7312] [10.0] [cxt 0] Pipeline 'ingress': start
[03:43:27.335] [bmv2] [T] [thread 7312] [10.0] [cxt 0] status_forward.p4(147) Condition "hdr.ipv4.isValid() && !hdr.status.isValid()" (node_2) is false
[03:43:27.335] [bmv2] [T] [thread 7312] [10.0] [cxt 0] status_forward.p4(152) Condition "hdr.status.isValid()" (node_4) is false
[03:43:27.335] [bmv2] [D] [thread 7312] [10.0] [cxt 0] Pipeline 'ingress': end
[03:43:27.335] [bmv2] [D] [thread 7312] [10.0] [cxt 0] Egress port is 0
[03:43:27.335] [bmv2] [D] [thread 7313] [10.0] [cxt 0] Pipeline 'egress': start
[03:43:27.335] [bmv2] [D] [thread 7313] [10.0] [cxt 0] Pipeline 'egress': end
[03:43:27.335] [bmv2] [D] [thread 7313] [10.0] [cxt 0] Deparser 'deparser': start
[03:43:27.335] [bmv2] [T] [thread 7313] [10.0] [cxt 0] Skipping checksum 'cksum' update because condition not met
[03:43:27.335] [bmv2] [D] [thread 7313] [10.0] [cxt 0] Deparsing header 'ethernet'
[03:43:27.335] [bmv2] [D] [thread 7313] [10.0] [cxt 0] Deparser 'deparser': end
[03:43:27.335] [bmv2] [D] [thread 7317] [10.0] [cxt 0] Transmitting packet of size 196 out of port 0
[03:43:27.362] [bmv2] [D] [thread 7312] [11.0] [cxt 0] Processing packet received on port 2
[03:43:27.362] [bmv2] [D] [thread 7312] [11.0] [cxt 0] Parser 'parser': start
[03:43:27.362] [bmv2] [D] [thread 7312] [11.0] [cxt 0] Parser 'parser' entering state 'start'
[03:43:27.362] [bmv2] [D] [thread 7312] [11.0] [cxt 0] Extracting header 'ethernet'
[03:43:27.362] [bmv2] [D] [thread 7312] [11.0] [cxt 0] Parser state 'start': key is 86dd
[03:43:27.362] [bmv2] [T] [thread 7312] [11.0] [cxt 0] Bytes parsed: 14
[03:43:27.362] [bmv2] [D] [thread 7312] [11.0] [cxt 0] Parser 'parser': end
[03:43:27.362] [bmv2] [D] [thread 7312] [11.0] [cxt 0] Pipeline 'ingress': start
[03:43:27.362] [bmv2] [T] [thread 7312] [11.0] [cxt 0] status_forward.p4(147) Condition "hdr.ipv4.isValid() && !hdr.status.isValid()" (node_2) is false
[03:43:27.362] [bmv2] [T] [thread 7312] [11.0] [cxt 0] status_forward.p4(152) Condition "hdr.status.isValid()" (node_4) is false
[03:43:27.362] [bmv2] [D] [thread 7312] [11.0] [cxt 0] Pipeline 'ingress': end
[03:43:27.362] [bmv2] [D] [thread 7312] [11.0] [cxt 0] Egress port is 0
[03:43:27.362] [bmv2] [D] [thread 7313] [11.0] [cxt 0] Pipeline 'egress': start
[03:43:27.362] [bmv2] [D] [thread 7313] [11.0] [cxt 0] Pipeline 'egress': end
[03:43:27.362] [bmv2] [D] [thread 7313] [11.0] [cxt 0] Deparser 'deparser': start
[03:43:27.362] [bmv2] [T] [thread 7313] [11.0] [cxt 0] Skipping checksum 'cksum' update because condition not met
[03:43:27.362] [bmv2] [D] [thread 7313] [11.0] [cxt 0] Deparsing header 'ethernet'
[03:43:27.362] [bmv2] [D] [thread 7313] [11.0] [cxt 0] Deparser 'deparser': end
[03:43:27.362] [bmv2] [D] [thread 7317] [11.0] [cxt 0] Transmitting packet of size 107 out of port 0
[03:43:27.367] [bmv2] [D] [thread 7312] [12.0] [cxt 0] Processing packet received on port 3
[03:43:27.367] [bmv2] [D] [thread 7312] [12.0] [cxt 0] Parser 'parser': start
[03:43:27.367] [bmv2] [D] [thread 7312] [12.0] [cxt 0] Parser 'parser' entering state 'start'
[03:43:27.367] [bmv2] [D] [thread 7312] [12.0] [cxt 0] Extracting header 'ethernet'
[03:43:27.367] [bmv2] [D] [thread 7312] [12.0] [cxt 0] Parser state 'start': key is 86dd
[03:43:27.367] [bmv2] [T] [thread 7312] [12.0] [cxt 0] Bytes parsed: 14
[03:43:27.367] [bmv2] [D] [thread 7312] [12.0] [cxt 0] Parser 'parser': end
[03:43:27.367] [bmv2] [D] [thread 7312] [12.0] [cxt 0] Pipeline 'ingress': start
[03:43:27.367] [bmv2] [T] [thread 7312] [12.0] [cxt 0] status_forward.p4(147) Condition "hdr.ipv4.isValid() && !hdr.status.isValid()" (node_2) is false
[03:43:27.367] [bmv2] [T] [thread 7312] [12.0] [cxt 0] status_forward.p4(152) Condition "hdr.status.isValid()" (node_4) is false
[03:43:27.367] [bmv2] [D] [thread 7312] [12.0] [cxt 0] Pipeline 'ingress': end
[03:43:27.367] [bmv2] [D] [thread 7312] [12.0] [cxt 0] Egress port is 0
[03:43:27.367] [bmv2] [D] [thread 7313] [12.0] [cxt 0] Pipeline 'egress': start
[03:43:27.367] [bmv2] [D] [thread 7313] [12.0] [cxt 0] Pipeline 'egress': end
[03:43:27.367] [bmv2] [D] [thread 7313] [12.0] [cxt 0] Deparser 'deparser': start
[03:43:27.367] [bmv2] [T] [thread 7313] [12.0] [cxt 0] Skipping checksum 'cksum' update because condition not met
[03:43:27.367] [bmv2] [D] [thread 7313] [12.0] [cxt 0] Deparsing header 'ethernet'
[03:43:27.368] [bmv2] [D] [thread 7313] [12.0] [cxt 0] Deparser 'deparser': end
[03:43:27.368] [bmv2] [D] [thread 7317] [12.0] [cxt 0] Transmitting packet of size 90 out of port 0
[03:43:27.370] [bmv2] [D] [thread 7312] [13.0] [cxt 0] Processing packet received on port 2
[03:43:27.370] [bmv2] [D] [thread 7312] [13.0] [cxt 0] Parser 'parser': start
[03:43:27.370] [bmv2] [D] [thread 7312] [13.0] [cxt 0] Parser 'parser' entering state 'start'
[03:43:27.370] [bmv2] [D] [thread 7312] [13.0] [cxt 0] Extracting header 'ethernet'
[03:43:27.370] [bmv2] [D] [thread 7312] [13.0] [cxt 0] Parser state 'start': key is 86dd
[03:43:27.370] [bmv2] [T] [thread 7312] [13.0] [cxt 0] Bytes parsed: 14
[03:43:27.370] [bmv2] [D] [thread 7312] [13.0] [cxt 0] Parser 'parser': end
[03:43:27.370] [bmv2] [D] [thread 7312] [13.0] [cxt 0] Pipeline 'ingress': start
[03:43:27.370] [bmv2] [T] [thread 7312] [13.0] [cxt 0] status_forward.p4(147) Condition "hdr.ipv4.isValid() && !hdr.status.isValid()" (node_2) is false
[03:43:27.370] [bmv2] [T] [thread 7312] [13.0] [cxt 0] status_forward.p4(152) Condition "hdr.status.isValid()" (node_4) is false
[03:43:27.370] [bmv2] [D] [thread 7312] [13.0] [cxt 0] Pipeline 'ingress': end
[03:43:27.370] [bmv2] [D] [thread 7312] [13.0] [cxt 0] Egress port is 0
[03:43:27.370] [bmv2] [D] [thread 7313] [13.0] [cxt 0] Pipeline 'egress': start
[03:43:27.370] [bmv2] [D] [thread 7313] [13.0] [cxt 0] Pipeline 'egress': end
[03:43:27.370] [bmv2] [D] [thread 7313] [13.0] [cxt 0] Deparser 'deparser': start
[03:43:27.370] [bmv2] [T] [thread 7313] [13.0] [cxt 0] Skipping checksum 'cksum' update because condition not met
[03:43:27.370] [bmv2] [D] [thread 7313] [13.0] [cxt 0] Deparsing header 'ethernet'
[03:43:27.370] [bmv2] [D] [thread 7313] [13.0] [cxt 0] Deparser 'deparser': end
[03:43:27.370] [bmv2] [D] [thread 7317] [13.0] [cxt 0] Transmitting packet of size 196 out of port 0
[03:43:27.488] [bmv2] [D] [thread 7312] [14.0] [cxt 0] Processing packet received on port 3
[03:43:27.489] [bmv2] [D] [thread 7312] [14.0] [cxt 0] Parser 'parser': start
[03:43:27.489] [bmv2] [D] [thread 7312] [14.0] [cxt 0] Parser 'parser' entering state 'start'
[03:43:27.489] [bmv2] [D] [thread 7312] [14.0] [cxt 0] Extracting header 'ethernet'
[03:43:27.489] [bmv2] [D] [thread 7312] [14.0] [cxt 0] Parser state 'start': key is 86dd
[03:43:27.489] [bmv2] [T] [thread 7312] [14.0] [cxt 0] Bytes parsed: 14
[03:43:27.489] [bmv2] [D] [thread 7312] [14.0] [cxt 0] Parser 'parser': end
[03:43:27.489] [bmv2] [D] [thread 7312] [14.0] [cxt 0] Pipeline 'ingress': start
[03:43:27.489] [bmv2] [T] [thread 7312] [14.0] [cxt 0] status_forward.p4(147) Condition "hdr.ipv4.isValid() && !hdr.status.isValid()" (node_2) is false
[03:43:27.489] [bmv2] [T] [thread 7312] [14.0] [cxt 0] status_forward.p4(152) Condition "hdr.status.isValid()" (node_4) is false
[03:43:27.489] [bmv2] [D] [thread 7312] [14.0] [cxt 0] Pipeline 'ingress': end
[03:43:27.489] [bmv2] [D] [thread 7312] [14.0] [cxt 0] Egress port is 0
[03:43:27.489] [bmv2] [D] [thread 7313] [14.0] [cxt 0] Pipeline 'egress': start
[03:43:27.489] [bmv2] [D] [thread 7313] [14.0] [cxt 0] Pipeline 'egress': end
[03:43:27.489] [bmv2] [D] [thread 7313] [14.0] [cxt 0] Deparser 'deparser': start
[03:43:27.489] [bmv2] [T] [thread 7313] [14.0] [cxt 0] Skipping checksum 'cksum' update because condition not met
[03:43:27.489] [bmv2] [D] [thread 7313] [14.0] [cxt 0] Deparsing header 'ethernet'
[03:43:27.489] [bmv2] [D] [thread 7313] [14.0] [cxt 0] Deparser 'deparser': end
[03:43:27.489] [bmv2] [D] [thread 7317] [14.0] [cxt 0] Transmitting packet of size 107 out of port 0
[03:43:27.542] [bmv2] [D] [thread 7312] [15.0] [cxt 0] Processing packet received on port 1
[03:43:27.542] [bmv2] [D] [thread 7312] [15.0] [cxt 0] Parser 'parser': start
[03:43:27.542] [bmv2] [D] [thread 7312] [15.0] [cxt 0] Parser 'parser' entering state 'start'
[03:43:27.542] [bmv2] [D] [thread 7312] [15.0] [cxt 0] Extracting header 'ethernet'
[03:43:27.542] [bmv2] [D] [thread 7312] [15.0] [cxt 0] Parser state 'start': key is 86dd
[03:43:27.542] [bmv2] [T] [thread 7312] [15.0] [cxt 0] Bytes parsed: 14
[03:43:27.542] [bmv2] [D] [thread 7312] [15.0] [cxt 0] Parser 'parser': end
[03:43:27.542] [bmv2] [D] [thread 7312] [15.0] [cxt 0] Pipeline 'ingress': start
[03:43:27.542] [bmv2] [T] [thread 7312] [15.0] [cxt 0] status_forward.p4(147) Condition "hdr.ipv4.isValid() && !hdr.status.isValid()" (node_2) is false
[03:43:27.542] [bmv2] [T] [thread 7312] [15.0] [cxt 0] status_forward.p4(152) Condition "hdr.status.isValid()" (node_4) is false
[03:43:27.542] [bmv2] [D] [thread 7312] [15.0] [cxt 0] Pipeline 'ingress': end
[03:43:27.542] [bmv2] [D] [thread 7312] [15.0] [cxt 0] Egress port is 0
[03:43:27.542] [bmv2] [D] [thread 7313] [15.0] [cxt 0] Pipeline 'egress': start
[03:43:27.542] [bmv2] [D] [thread 7313] [15.0] [cxt 0] Pipeline 'egress': end
[03:43:27.542] [bmv2] [D] [thread 7313] [15.0] [cxt 0] Deparser 'deparser': start
[03:43:27.542] [bmv2] [T] [thread 7313] [15.0] [cxt 0] Skipping checksum 'cksum' update because condition not met
[03:43:27.542] [bmv2] [D] [thread 7313] [15.0] [cxt 0] Deparsing header 'ethernet'
[03:43:27.542] [bmv2] [D] [thread 7313] [15.0] [cxt 0] Deparser 'deparser': end
[03:43:27.542] [bmv2] [D] [thread 7317] [15.0] [cxt 0] Transmitting packet of size 196 out of port 0
[03:43:27.569] [bmv2] [D] [thread 7312] [16.0] [cxt 0] Processing packet received on port 1
[03:43:27.569] [bmv2] [D] [thread 7312] [16.0] [cxt 0] Parser 'parser': start
[03:43:27.569] [bmv2] [D] [thread 7312] [16.0] [cxt 0] Parser 'parser' entering state 'start'
[03:43:27.569] [bmv2] [D] [thread 7312] [16.0] [cxt 0] Extracting header 'ethernet'
[03:43:27.569] [bmv2] [D] [thread 7312] [16.0] [cxt 0] Parser state 'start': key is 86dd
[03:43:27.569] [bmv2] [T] [thread 7312] [16.0] [cxt 0] Bytes parsed: 14
[03:43:27.569] [bmv2] [D] [thread 7312] [16.0] [cxt 0] Parser 'parser': end
[03:43:27.569] [bmv2] [D] [thread 7312] [16.0] [cxt 0] Pipeline 'ingress': start
[03:43:27.569] [bmv2] [T] [thread 7312] [16.0] [cxt 0] status_forward.p4(147) Condition "hdr.ipv4.isValid() && !hdr.status.isValid()" (node_2) is false
[03:43:27.569] [bmv2] [T] [thread 7312] [16.0] [cxt 0] status_forward.p4(152) Condition "hdr.status.isValid()" (node_4) is false
[03:43:27.569] [bmv2] [D] [thread 7312] [16.0] [cxt 0] Pipeline 'ingress': end
[03:43:27.569] [bmv2] [D] [thread 7312] [16.0] [cxt 0] Egress port is 0
[03:43:27.569] [bmv2] [D] [thread 7313] [16.0] [cxt 0] Pipeline 'egress': start
[03:43:27.569] [bmv2] [D] [thread 7313] [16.0] [cxt 0] Pipeline 'egress': end
[03:43:27.569] [bmv2] [D] [thread 7313] [16.0] [cxt 0] Deparser 'deparser': start
[03:43:27.569] [bmv2] [T] [thread 7313] [16.0] [cxt 0] Skipping checksum 'cksum' update because condition not met
[03:43:27.569] [bmv2] [D] [thread 7313] [16.0] [cxt 0] Deparsing header 'ethernet'
[03:43:27.569] [bmv2] [D] [thread 7313] [16.0] [cxt 0] Deparser 'deparser': end
[03:43:27.569] [bmv2] [D] [thread 7317] [16.0] [cxt 0] Transmitting packet of size 107 out of port 0
[03:43:27.709] [bmv2] [D] [thread 7312] [17.0] [cxt 0] Processing packet received on port 2
[03:43:27.709] [bmv2] [D] [thread 7312] [17.0] [cxt 0] Parser 'parser': start
[03:43:27.709] [bmv2] [D] [thread 7312] [17.0] [cxt 0] Parser 'parser' entering state 'start'
[03:43:27.709] [bmv2] [D] [thread 7312] [17.0] [cxt 0] Extracting header 'ethernet'
[03:43:27.709] [bmv2] [D] [thread 7312] [17.0] [cxt 0] Parser state 'start': key is 86dd
[03:43:27.709] [bmv2] [T] [thread 7312] [17.0] [cxt 0] Bytes parsed: 14
[03:43:27.709] [bmv2] [D] [thread 7312] [17.0] [cxt 0] Parser 'parser': end
[03:43:27.709] [bmv2] [D] [thread 7312] [17.0] [cxt 0] Pipeline 'ingress': start
[03:43:27.709] [bmv2] [T] [thread 7312] [17.0] [cxt 0] status_forward.p4(147) Condition "hdr.ipv4.isValid() && !hdr.status.isValid()" (node_2) is false
[03:43:27.709] [bmv2] [T] [thread 7312] [17.0] [cxt 0] status_forward.p4(152) Condition "hdr.status.isValid()" (node_4) is false
[03:43:27.709] [bmv2] [D] [thread 7312] [17.0] [cxt 0] Pipeline 'ingress': end
[03:43:27.709] [bmv2] [D] [thread 7312] [17.0] [cxt 0] Egress port is 0
[03:43:27.709] [bmv2] [D] [thread 7313] [17.0] [cxt 0] Pipeline 'egress': start
[03:43:27.709] [bmv2] [D] [thread 7313] [17.0] [cxt 0] Pipeline 'egress': end
[03:43:27.709] [bmv2] [D] [thread 7313] [17.0] [cxt 0] Deparser 'deparser': start
[03:43:27.709] [bmv2] [T] [thread 7313] [17.0] [cxt 0] Skipping checksum 'cksum' update because condition not met
[03:43:27.709] [bmv2] [D] [thread 7313] [17.0] [cxt 0] Deparsing header 'ethernet'
[03:43:27.709] [bmv2] [D] [thread 7313] [17.0] [cxt 0] Deparser 'deparser': end
[03:43:27.709] [bmv2] [D] [thread 7317] [17.0] [cxt 0] Transmitting packet of size 107 out of port 0
[03:43:28.034] [bmv2] [D] [thread 7312] [18.0] [cxt 0] Processing packet received on port 2
[03:43:28.034] [bmv2] [D] [thread 7312] [18.0] [cxt 0] Parser 'parser': start
[03:43:28.034] [bmv2] [D] [thread 7312] [18.0] [cxt 0] Parser 'parser' entering state 'start'
[03:43:28.034] [bmv2] [D] [thread 7312] [18.0] [cxt 0] Extracting header 'ethernet'
[03:43:28.034] [bmv2] [D] [thread 7312] [18.0] [cxt 0] Parser state 'start': key is 86dd
[03:43:28.034] [bmv2] [T] [thread 7312] [18.0] [cxt 0] Bytes parsed: 14
[03:43:28.034] [bmv2] [D] [thread 7312] [18.0] [cxt 0] Parser 'parser': end
[03:43:28.034] [bmv2] [D] [thread 7312] [18.0] [cxt 0] Pipeline 'ingress': start
[03:43:28.034] [bmv2] [T] [thread 7312] [18.0] [cxt 0] status_forward.p4(147) Condition "hdr.ipv4.isValid() && !hdr.status.isValid()" (node_2) is false
[03:43:28.034] [bmv2] [T] [thread 7312] [18.0] [cxt 0] status_forward.p4(152) Condition "hdr.status.isValid()" (node_4) is false
[03:43:28.034] [bmv2] [D] [thread 7312] [18.0] [cxt 0] Pipeline 'ingress': end
[03:43:28.034] [bmv2] [D] [thread 7312] [18.0] [cxt 0] Egress port is 0
[03:43:28.034] [bmv2] [D] [thread 7313] [18.0] [cxt 0] Pipeline 'egress': start
[03:43:28.034] [bmv2] [D] [thread 7313] [18.0] [cxt 0] Pipeline 'egress': end
[03:43:28.034] [bmv2] [D] [thread 7313] [18.0] [cxt 0] Deparser 'deparser': start
[03:43:28.034] [bmv2] [T] [thread 7313] [18.0] [cxt 0] Skipping checksum 'cksum' update because condition not met
[03:43:28.034] [bmv2] [D] [thread 7313] [18.0] [cxt 0] Deparsing header 'ethernet'
[03:43:28.034] [bmv2] [D] [thread 7313] [18.0] [cxt 0] Deparser 'deparser': end
[03:43:28.034] [bmv2] [D] [thread 7317] [18.0] [cxt 0] Transmitting packet of size 196 out of port 0
[03:43:28.163] [bmv2] [D] [thread 7312] [19.0] [cxt 0] Processing packet received on port 3
[03:43:28.163] [bmv2] [D] [thread 7312] [19.0] [cxt 0] Parser 'parser': start
[03:43:28.163] [bmv2] [D] [thread 7312] [19.0] [cxt 0] Parser 'parser' entering state 'start'
[03:43:28.163] [bmv2] [D] [thread 7312] [19.0] [cxt 0] Extracting header 'ethernet'
[03:43:28.163] [bmv2] [D] [thread 7312] [19.0] [cxt 0] Parser state 'start': key is 86dd
[03:43:28.163] [bmv2] [T] [thread 7312] [19.0] [cxt 0] Bytes parsed: 14
[03:43:28.163] [bmv2] [D] [thread 7312] [19.0] [cxt 0] Parser 'parser': end
[03:43:28.163] [bmv2] [D] [thread 7312] [19.0] [cxt 0] Pipeline 'ingress': start
[03:43:28.163] [bmv2] [T] [thread 7312] [19.0] [cxt 0] status_forward.p4(147) Condition "hdr.ipv4.isValid() && !hdr.status.isValid()" (node_2) is false
[03:43:28.163] [bmv2] [T] [thread 7312] [19.0] [cxt 0] status_forward.p4(152) Condition "hdr.status.isValid()" (node_4) is false
[03:43:28.163] [bmv2] [D] [thread 7312] [19.0] [cxt 0] Pipeline 'ingress': end
[03:43:28.163] [bmv2] [D] [thread 7312] [19.0] [cxt 0] Egress port is 0
[03:43:28.163] [bmv2] [D] [thread 7313] [19.0] [cxt 0] Pipeline 'egress': start
[03:43:28.163] [bmv2] [D] [thread 7313] [19.0] [cxt 0] Pipeline 'egress': end
[03:43:28.163] [bmv2] [D] [thread 7313] [19.0] [cxt 0] Deparser 'deparser': start
[03:43:28.163] [bmv2] [T] [thread 7313] [19.0] [cxt 0] Skipping checksum 'cksum' update because condition not met
[03:43:28.163] [bmv2] [D] [thread 7313] [19.0] [cxt 0] Deparsing header 'ethernet'
[03:43:28.163] [bmv2] [D] [thread 7313] [19.0] [cxt 0] Deparser 'deparser': end
[03:43:28.163] [bmv2] [D] [thread 7317] [19.0] [cxt 0] Transmitting packet of size 196 out of port 0
[03:43:28.246] [bmv2] [D] [thread 7312] [20.0] [cxt 0] Processing packet received on port 1
[03:43:28.246] [bmv2] [D] [thread 7312] [20.0] [cxt 0] Parser 'parser': start
[03:43:28.246] [bmv2] [D] [thread 7312] [20.0] [cxt 0] Parser 'parser' entering state 'start'
[03:43:28.246] [bmv2] [D] [thread 7312] [20.0] [cxt 0] Extracting header 'ethernet'
[03:43:28.246] [bmv2] [D] [thread 7312] [20.0] [cxt 0] Parser state 'start': key is 86dd
[03:43:28.246] [bmv2] [T] [thread 7312] [20.0] [cxt 0] Bytes parsed: 14
[03:43:28.246] [bmv2] [D] [thread 7312] [20.0] [cxt 0] Parser 'parser': end
[03:43:28.246] [bmv2] [D] [thread 7312] [20.0] [cxt 0] Pipeline 'ingress': start
[03:43:28.246] [bmv2] [T] [thread 7312] [20.0] [cxt 0] status_forward.p4(147) Condition "hdr.ipv4.isValid() && !hdr.status.isValid()" (node_2) is false
[03:43:28.246] [bmv2] [T] [thread 7312] [20.0] [cxt 0] status_forward.p4(152) Condition "hdr.status.isValid()" (node_4) is false
[03:43:28.246] [bmv2] [D] [thread 7312] [20.0] [cxt 0] Pipeline 'ingress': end
[03:43:28.246] [bmv2] [D] [thread 7312] [20.0] [cxt 0] Egress port is 0
[03:43:28.246] [bmv2] [D] [thread 7313] [20.0] [cxt 0] Pipeline 'egress': start
[03:43:28.246] [bmv2] [D] [thread 7313] [20.0] [cxt 0] Pipeline 'egress': end
[03:43:28.246] [bmv2] [D] [thread 7313] [20.0] [cxt 0] Deparser 'deparser': start
[03:43:28.246] [bmv2] [T] [thread 7313] [20.0] [cxt 0] Skipping checksum 'cksum' update because condition not met
[03:43:28.246] [bmv2] [D] [thread 7313] [20.0] [cxt 0] Deparsing header 'ethernet'
[03:43:28.246] [bmv2] [D] [thread 7313] [20.0] [cxt 0] Deparser 'deparser': end
[03:43:28.246] [bmv2] [D] [thread 7317] [20.0] [cxt 0] Transmitting packet of size 196 out of port 0
[03:43:28.345] [bmv2] [D] [thread 7312] [21.0] [cxt 0] Processing packet received on port 3
[03:43:28.345] [bmv2] [D] [thread 7312] [21.0] [cxt 0] Parser 'parser': start
[03:43:28.345] [bmv2] [D] [thread 7312] [21.0] [cxt 0] Parser 'parser' entering state 'start'
[03:43:28.345] [bmv2] [D] [thread 7312] [21.0] [cxt 0] Extracting header 'ethernet'
[03:43:28.345] [bmv2] [D] [thread 7312] [21.0] [cxt 0] Parser state 'start': key is 86dd
[03:43:28.345] [bmv2] [T] [thread 7312] [21.0] [cxt 0] Bytes parsed: 14
[03:43:28.345] [bmv2] [D] [thread 7312] [21.0] [cxt 0] Parser 'parser': end
[03:43:28.345] [bmv2] [D] [thread 7312] [21.0] [cxt 0] Pipeline 'ingress': start
[03:43:28.345] [bmv2] [T] [thread 7312] [21.0] [cxt 0] status_forward.p4(147) Condition "hdr.ipv4.isValid() && !hdr.status.isValid()" (node_2) is false
[03:43:28.345] [bmv2] [T] [thread 7312] [21.0] [cxt 0] status_forward.p4(152) Condition "hdr.status.isValid()" (node_4) is false
[03:43:28.345] [bmv2] [D] [thread 7312] [21.0] [cxt 0] Pipeline 'ingress': end
[03:43:28.345] [bmv2] [D] [thread 7312] [21.0] [cxt 0] Egress port is 0
[03:43:28.345] [bmv2] [D] [thread 7313] [21.0] [cxt 0] Pipeline 'egress': start
[03:43:28.345] [bmv2] [D] [thread 7313] [21.0] [cxt 0] Pipeline 'egress': end
[03:43:28.345] [bmv2] [D] [thread 7313] [21.0] [cxt 0] Deparser 'deparser': start
[03:43:28.345] [bmv2] [T] [thread 7313] [21.0] [cxt 0] Skipping checksum 'cksum' update because condition not met
[03:43:28.345] [bmv2] [D] [thread 7313] [21.0] [cxt 0] Deparsing header 'ethernet'
[03:43:28.345] [bmv2] [D] [thread 7313] [21.0] [cxt 0] Deparser 'deparser': end
[03:43:28.346] [bmv2] [D] [thread 7317] [21.0] [cxt 0] Transmitting packet of size 196 out of port 0
[03:43:28.381] [bmv2] [D] [thread 7312] [22.0] [cxt 0] Processing packet received on port 2
[03:43:28.381] [bmv2] [D] [thread 7312] [22.0] [cxt 0] Parser 'parser': start
[03:43:28.381] [bmv2] [D] [thread 7312] [22.0] [cxt 0] Parser 'parser' entering state 'start'
[03:43:28.381] [bmv2] [D] [thread 7312] [22.0] [cxt 0] Extracting header 'ethernet'
[03:43:28.381] [bmv2] [D] [thread 7312] [22.0] [cxt 0] Parser state 'start': key is 86dd
[03:43:28.381] [bmv2] [T] [thread 7312] [22.0] [cxt 0] Bytes parsed: 14
[03:43:28.381] [bmv2] [D] [thread 7312] [22.0] [cxt 0] Parser 'parser': end
[03:43:28.381] [bmv2] [D] [thread 7312] [22.0] [cxt 0] Pipeline 'ingress': start
[03:43:28.381] [bmv2] [T] [thread 7312] [22.0] [cxt 0] status_forward.p4(147) Condition "hdr.ipv4.isValid() && !hdr.status.isValid()" (node_2) is false
[03:43:28.381] [bmv2] [T] [thread 7312] [22.0] [cxt 0] status_forward.p4(152) Condition "hdr.status.isValid()" (node_4) is false
[03:43:28.381] [bmv2] [D] [thread 7312] [22.0] [cxt 0] Pipeline 'ingress': end
[03:43:28.381] [bmv2] [D] [thread 7312] [22.0] [cxt 0] Egress port is 0
[03:43:28.381] [bmv2] [D] [thread 7313] [22.0] [cxt 0] Pipeline 'egress': start
[03:43:28.381] [bmv2] [D] [thread 7313] [22.0] [cxt 0] Pipeline 'egress': end
[03:43:28.382] [bmv2] [D] [thread 7313] [22.0] [cxt 0] Deparser 'deparser': start
[03:43:28.382] [bmv2] [T] [thread 7313] [22.0] [cxt 0] Skipping checksum 'cksum' update because condition not met
[03:43:28.382] [bmv2] [D] [thread 7313] [22.0] [cxt 0] Deparsing header 'ethernet'
[03:43:28.382] [bmv2] [D] [thread 7313] [22.0] [cxt 0] Deparser 'deparser': end
[03:43:28.382] [bmv2] [D] [thread 7317] [22.0] [cxt 0] Transmitting packet of size 196 out of port 0
[03:43:28.866] [bmv2] [D] [thread 7312] [23.0] [cxt 0] Processing packet received on port 1
[03:43:28.866] [bmv2] [D] [thread 7312] [23.0] [cxt 0] Parser 'parser': start
[03:43:28.866] [bmv2] [D] [thread 7312] [23.0] [cxt 0] Parser 'parser' entering state 'start'
[03:43:28.866] [bmv2] [D] [thread 7312] [23.0] [cxt 0] Extracting header 'ethernet'
[03:43:28.866] [bmv2] [D] [thread 7312] [23.0] [cxt 0] Parser state 'start': key is 86dd
[03:43:28.866] [bmv2] [T] [thread 7312] [23.0] [cxt 0] Bytes parsed: 14
[03:43:28.866] [bmv2] [D] [thread 7312] [23.0] [cxt 0] Parser 'parser': end
[03:43:28.866] [bmv2] [D] [thread 7312] [23.0] [cxt 0] Pipeline 'ingress': start
[03:43:28.866] [bmv2] [T] [thread 7312] [23.0] [cxt 0] status_forward.p4(147) Condition "hdr.ipv4.isValid() && !hdr.status.isValid()" (node_2) is false
[03:43:28.866] [bmv2] [T] [thread 7312] [23.0] [cxt 0] status_forward.p4(152) Condition "hdr.status.isValid()" (node_4) is false
[03:43:28.866] [bmv2] [D] [thread 7312] [23.0] [cxt 0] Pipeline 'ingress': end
[03:43:28.866] [bmv2] [D] [thread 7312] [23.0] [cxt 0] Egress port is 0
[03:43:28.866] [bmv2] [D] [thread 7313] [23.0] [cxt 0] Pipeline 'egress': start
[03:43:28.866] [bmv2] [D] [thread 7313] [23.0] [cxt 0] Pipeline 'egress': end
[03:43:28.866] [bmv2] [D] [thread 7313] [23.0] [cxt 0] Deparser 'deparser': start
[03:43:28.866] [bmv2] [T] [thread 7313] [23.0] [cxt 0] Skipping checksum 'cksum' update because condition not met
[03:43:28.866] [bmv2] [D] [thread 7313] [23.0] [cxt 0] Deparsing header 'ethernet'
[03:43:28.866] [bmv2] [D] [thread 7313] [23.0] [cxt 0] Deparser 'deparser': end
[03:43:28.866] [bmv2] [D] [thread 7317] [23.0] [cxt 0] Transmitting packet of size 107 out of port 0
